{"meta": {"format": 3, "version": "7.15.4", "timestamp": "2026-08-13T08:07:49.466632", "branch_coverage": true, "show_contexts": false}, "files": {"spherepop/29-multi-timescale-continuation/run.py": {"executed_lines": [1, 3, 4, 5, 6, 9, 10, 11, 14, 15, 16, 17, 18, 19, 20, 21, 22, 23, 24, 25, 26, 27, 28, 29, 30, 33, 34, 35, 36, 37, 38, 41, 43, 50, 53, 54, 57, 58, 61, 62, 63, 65, 66, 68, 69, 71, 73, 76, 77, 78, 79, 80, 81, 82, 83, 86, 87, 89, 90, 91, 92, 94, 95, 98, 99, 100, 101, 104, 105, 108, 109, 110, 111, 112, 113, 114, 115, 116, 117, 118, 119, 120, 121, 124, 125, 126, 127, 128, 129, 130, 131, 132, 133, 135, 138, 141, 142, 143, 144, 145, 146, 147, 150, 151, 152, 153, 154, 155, 156, 157, 159, 164, 165, 168, 169, 170, 172, 173, 174, 176, 177, 180, 181, 182, 183, 185, 186, 187, 188, 189, 190, 191, 193, 194, 195, 196, 197, 199, 233], "summary": {"covered_lines": 139, "num_statements": 155, "percent_covered": 88.88888888888889, "percent_covered_display": "88.89", "missing_lines": 16, "excluded_lines": 4, "percent_statements_covered": 89.6774193548387, "percent_statements_covered_display": "89.68", "num_branches": 52, "num_partial_branches": 3, "covered_branches": 45, "missing_branches": 7, "percent_branches_covered": 86.53846153846153, "percent_branches_covered_display": "86.54"}, "missing_lines": [160, 161, 175, 234, 235, 236, 237, 238, 239, 240, 241, 242, 243, 244, 245, 252], "excluded_lines": [255, 256, 262, 263], "executed_branches": [[63, 65], [63, 66], [66, 68], [66, 69], [69, 71], [69, 73], [79, 80], [79, 83], [80, 79], [80, 81], [113, 114], [113, 118], [116, 113], [116, 117], [118, 119], [118, 121], [128, 129], [128, 130], [130, 131], [130, 132], [132, 133], [132, 135], [141, -124], [141, 142], [142, 143], [142, 144], [151, -150], [151, 152], [154, 155], [154, 159], [156, 151], [156, 157], [159, 151], [172, 173], [172, 180], [174, 176], [180, 181], [180, 185], [181, 180], [181, 182], [188, 189], [188, 193], [190, 188], [190, 191], [195, 196]], "missing_branches": [[159, 160], [174, 175], [195, 199], [236, -233], [236, 237], [244, 245], [244, 252]], "functions": {"make_initial_scopes": {"executed_lines": [43, 50], "summary": {"covered_lines": 2, "num_statements": 2, "percent_covered": 100.0, "percent_covered_display": "100.00", "missing_lines": 0, "excluded_lines": 0, "percent_statements_covered": 100.0, "percent_statements_covered_display": "100.00", "num_branches": 0, "num_partial_branches": 0, "covered_branches": 0, "missing_branches": 0, "percent_branches_covered": 100.0, "percent_branches_covered_display": "100.00"}, "missing_lines": [], "excluded_lines": [], "start_line": 41, "executed_branches": [], "missing_branches": []}, "scope_readiness": {"executed_lines": [54], "summary": {"covered_lines": 1, "num_statements": 1, "percent_covered": 100.0, "percent_covered_display": "100.00", "missing_lines": 0, "excluded_lines": 0, "percent_statements_covered": 100.0, "percent_statements_covered_display": "100.00", "num_branches": 0, "num_partial_branches": 0, "covered_branches": 0, "missing_branches": 0, "percent_branches_covered": 100.0, "percent_branches_covered_display": "100.00"}, "missing_lines": [], "excluded_lines": [], "start_line": 53, "executed_branches": [], "missing_branches": []}, "gaussian_bump": {"executed_lines": [58], "summary": {"covered_lines": 1, "num_statements": 1, "percent_covered": 100.0, "percent_covered_display": "100.00", "missing_lines": 0, "excluded_lines": 0, "percent_statements_covered": 100.0, "percent_statements_covered_display": "100.00", "num_branches": 0, "num_partial_branches": 0, "covered_branches": 0, "missing_branches": 0, "percent_branches_covered": 100.0, "percent_branches_covered_display": "100.00"}, "missing_lines": [], "excluded_lines": [], "start_line": 57, "executed_branches": [], "missing_branches": []}, "action_multiplier": {"executed_lines": [62, 63, 65, 66, 68, 69, 71, 73], "summary": {"covered_lines": 8, "num_statements": 8, "percent_covered": 100.0, "percent_covered_display": "100.00", "missing_lines": 0, "excluded_lines": 0, "percent_statements_covered": 100.0, "percent_statements_covered_display": "100.00", "num_branches": 6, "num_partial_branches": 0, "covered_branches": 6, "missing_branches": 0, "percent_branches_covered": 100.0, "percent_branches_covered_display": "100.00"}, "missing_lines": [], "excluded_lines": [], "start_line": 61, "executed_branches": [[63, 65], [63, 66], [66, 68], [66, 69], [69, 71], [69, 73]], "missing_branches": []}, "all_candidates": {"executed_lines": [77, 78, 79, 80, 81, 82, 83], "summary": {"covered_lines": 7, "num_statements": 7, "percent_covered": 100.0, "percent_covered_display": "100.00", "missing_lines": 0, "excluded_lines": 0, "percent_statements_covered": 100.0, "percent_statements_covered_display": "100.00", "num_branches": 4, "num_partial_branches": 0, "covered_branches": 4, "missing_branches": 0, "percent_branches_covered": 100.0, "percent_branches_covered_display": "100.00"}, "missing_lines": [], "excluded_lines": [], "start_line": 76, "executed_branches": [[79, 80], [79, 83], [80, 79], [80, 81]], "missing_branches": []}, "choose_novelty_only": {"executed_lines": [87, 89, 94, 95], "summary": {"covered_lines": 4, "num_statements": 4, "percent_covered": 100.0, "percent_covered_display": "100.00", "missing_lines": 0, "excluded_lines": 0, "percent_statements_covered": 100.0, "percent_statements_covered_display": "100.00", "num_branches": 0, "num_partial_branches": 0, "covered_branches": 0, "missing_branches": 0, "percent_branches_covered": 100.0, "percent_branches_covered_display": "100.00"}, "missing_lines": [], "excluded_lines": [], "start_line": 86, "executed_branches": [], "missing_branches": []}, "choose_novelty_only.novelty_key": {"executed_lines": [90, 91, 92], "summary": {"covered_lines": 3, "num_statements": 3, "percent_covered": 100.0, "percent_covered_display": "100.00", "missing_lines": 0, "excluded_lines": 0, "percent_statements_covered": 100.0, "percent_statements_covered_display": "100.00", "num_branches": 0, "num_partial_branches": 0, "covered_branches": 0, "missing_branches": 0, "percent_branches_covered": 100.0, "percent_branches_covered_display": "100.00"}, "missing_lines": [], "excluded_lines": [], "start_line": 89, "executed_branches": [], "missing_branches": []}, "choose_shortest_task_first": {"executed_lines": [99, 100, 101], "summary": {"covered_lines": 3, "num_statements": 3, "percent_covered": 100.0, "percent_covered_display": "100.00", "missing_lines": 0, "excluded_lines": 0, "percent_statements_covered": 100.0, "percent_statements_covered_display": "100.00", "num_branches": 0, "num_partial_branches": 0, "covered_branches": 0, "missing_branches": 0, "percent_branches_covered": 100.0, "percent_branches_covered_display": "100.00"}, "missing_lines": [], "excluded_lines": [], "start_line": 98, "executed_branches": [], "missing_branches": []}, "choose_max_emcg": {"executed_lines": [105], "summary": {"covered_lines": 1, "num_statements": 1, "percent_covered": 100.0, "percent_covered_display": "100.00", "missing_lines": 0, "excluded_lines": 0, "percent_statements_covered": 100.0, "percent_statements_covered_display": "100.00", "num_branches": 0, "num_partial_branches": 0, "covered_branches": 0, "missing_branches": 0, "percent_branches_covered": 100.0, "percent_branches_covered_display": "100.00"}, "missing_lines": [], "excluded_lines": [], "start_line": 104, "executed_branches": [], "missing_branches": []}, "choose_ratio_antistarvation": {"executed_lines": [109, 110, 111, 112, 113, 114, 115, 116, 117, 118, 119, 120, 121], "summary": {"covered_lines": 13, "num_statements": 13, "percent_covered": 100.0, "percent_covered_display": "100.00", "missing_lines": 0, "excluded_lines": 0, "percent_statements_covered": 100.0, "percent_statements_covered_display": "100.00", "num_branches": 6, "num_partial_branches": 0, "covered_branches": 6, "missing_branches": 0, "percent_branches_covered": 100.0, "percent_branches_covered_display": "100.00"}, "missing_lines": [], "excluded_lines": [], "start_line": 108, "executed_branches": [[113, 114], [113, 118], [116, 113], [116, 117], [118, 119], [118, 121]], "missing_branches": []}, "apply_action": {"executed_lines": [125, 126, 127, 128, 129, 130, 131, 132, 133, 135, 138, 141, 142, 143, 144, 145, 146, 147], "summary": {"covered_lines": 18, "num_statements": 18, "percent_covered": 100.0, "percent_covered_display": "100.00", "missing_lines": 0, "excluded_lines": 0, "percent_statements_covered": 100.0, "percent_statements_covered_display": "100.00", "num_branches": 10, "num_partial_branches": 0, "covered_branches": 10, "missing_branches": 0, "percent_branches_covered": 100.0, "percent_branches_covered_display": "100.00"}, "missing_lines": [], "excluded_lines": [], "start_line": 124, "executed_branches": [[128, 129], [128, 130], [130, 131], [130, 132], [132, 133], [132, 135], [141, -124], [141, 142], [142, 143], [142, 144]], "missing_branches": []}, "update_saturation_bookkeeping": {"executed_lines": [151, 152, 153, 154, 155, 156, 157, 159], "summary": {"covered_lines": 8, "num_statements": 10, "percent_covered": 83.33333333333333, "percent_covered_display": "83.33", "missing_lines": 2, "excluded_lines": 0, "percent_statements_covered": 80.0, "percent_statements_covered_display": "80.00", "num_branches": 8, "num_partial_branches": 1, "covered_branches": 7, "missing_branches": 1, "percent_branches_covered": 87.5, "percent_branches_covered_display": "87.50"}, "missing_lines": [160, 161], "excluded_lines": [], "start_line": 150, "executed_branches": [[151, -150], [151, 152], [154, 155], [154, 159], [156, 151], [156, 157], [159, 151]], "missing_branches": [[159, 160]]}, "field_saturated": {"executed_lines": [165], "summary": {"covered_lines": 1, "num_statements": 1, "percent_covered": 100.0, "percent_covered_display": "100.00", "missing_lines": 0, "excluded_lines": 0, "percent_statements_covered": 100.0, "percent_statements_covered_display": "100.00", "num_branches": 0, "num_partial_branches": 0, "covered_branches": 0, "missing_branches": 0, "percent_branches_covered": 100.0, "percent_branches_covered_display": "100.00"}, "missing_lines": [], "excluded_lines": [], "start_line": 164, "executed_branches": [], "missing_branches": []}, "simulate": {"executed_lines": [169, 170, 172, 173, 174, 176, 177, 180, 181, 182, 183, 185, 186, 187, 188, 189, 190, 191, 193, 194, 195, 196, 197, 199], "summary": {"covered_lines": 24, "num_statements": 25, "percent_covered": 92.3076923076923, "percent_covered_display": "92.31", "missing_lines": 1, "excluded_lines": 0, "percent_statements_covered": 96.0, "percent_statements_covered_display": "96.00", "num_branches": 14, "num_partial_branches": 2, "covered_branches": 12, "missing_branches": 2, "percent_branches_covered": 85.71428571428571, "percent_branches_covered_display": "85.71"}, "missing_lines": [175], "excluded_lines": [], "start_line": 168, "executed_branches": [[172, 173], [172, 180], [174, 176], [180, 181], [180, 185], [181, 180], [181, 182], [188, 189], [188, 193], [190, 188], [190, 191], [195, 196]], "missing_branches": [[174, 175], [195, 199]]}, "render_report": {"executed_lines": [], "summary": {"covered_lines": 0, "num_statements": 13, "percent_covered": 0.0, "percent_covered_display": "0.00", "missing_lines": 13, "excluded_lines": 0, "percent_statements_covered": 0.0, "percent_statements_covered_display": "0.00", "num_branches": 4, "num_partial_branches": 0, "covered_branches": 0, "missing_branches": 4, "percent_branches_covered": 0.0, "percent_branches_covered_display": "0.00"}, "missing_lines": [234, 235, 236, 237, 238, 239, 240, 241, 242, 243, 244, 245, 252], "excluded_lines": [], "start_line": 233, "executed_branches": [], "missing_branches": [[236, -233], [236, 237], [244, 245], [244, 252]]}, "": {"executed_lines": [1, 3, 4, 5, 6, 9, 10, 11, 14, 15, 16, 17, 18, 19, 20, 21, 22, 23, 24, 25, 26, 27, 28, 29, 30, 33, 34, 35, 36, 37, 38, 41, 53, 57, 61, 76, 86, 98, 104, 108, 124, 150, 164, 168, 233], "summary": {"covered_lines": 45, "num_statements": 45, "percent_covered": 100.0, "percent_covered_display": "100.00", "missing_lines": 0, "excluded_lines": 4, "percent_statements_covered": 100.0, "percent_statements_covered_display": "100.00", "num_branches": 0, "num_partial_branches": 0, "covered_branches": 0, "missing_branches": 0, "percent_branches_covered": 100.0, "percent_branches_covered_display": "100.00"}, "missing_lines": [], "excluded_lines": [255, 256, 262, 263], "start_line": 1, "executed_branches": [], "missing_branches": []}}, "classes": {"ScopeState": {"executed_lines": [], "summary": {"covered_lines": 0, "num_statements": 0, "percent_covered": 100.0, "percent_covered_display": "100.00", "missing_lines": 0, "excluded_lines": 0, "percent_statements_covered": 100.0, "percent_statements_covered_display": "100.00", "num_branches": 0, "num_partial_branches": 0, "covered_branches": 0, "missing_branches": 0, "percent_branches_covered": 100.0, "percent_branches_covered_display": "100.00"}, "missing_lines": [], "excluded_lines": [], "start_line": 15, "executed_branches": [], "missing_branches": []}, "CandidateAction": {"executed_lines": [], "summary": {"covered_lines": 0, "num_statements": 0, "percent_covered": 100.0, "percent_covered_display": "100.00", "missing_lines": 0, "excluded_lines": 0, "percent_statements_covered": 100.0, "percent_statements_covered_display": "100.00", "num_branches": 0, "num_partial_branches": 0, "covered_branches": 0, "missing_branches": 0, "percent_branches_covered": 100.0, "percent_branches_covered_display": "100.00"}, "missing_lines": [], "excluded_lines": [], "start_line": 34, "executed_branches": [], "missing_branches": []}, "": {"executed_lines": [1, 3, 4, 5, 6, 9, 10, 11, 14, 15, 16, 17, 18, 19, 20, 21, 22, 23, 24, 25, 26, 27, 28, 29, 30, 33, 34, 35, 36, 37, 38, 41, 43, 50, 53, 54, 57, 58, 61, 62, 63, 65, 66, 68, 69, 71, 73, 76, 77, 78, 79, 80, 81, 82, 83, 86, 87, 89, 90, 91, 92, 94, 95, 98, 99, 100, 101, 104, 105, 108, 109, 110, 111, 112, 113, 114, 115, 116, 117, 118, 119, 120, 121, 124, 125, 126, 127, 128, 129, 130, 131, 132, 133, 135, 138, 141, 142, 143, 144, 145, 146, 147, 150, 151, 152, 153, 154, 155, 156, 157, 159, 164, 165, 168, 169, 170, 172, 173, 174, 176, 177, 180, 181, 182, 183, 185, 186, 187, 188, 189, 190, 191, 193, 194, 195, 196, 197, 199, 233], "summary": {"covered_lines": 139, "num_statements": 155, "percent_covered": 88.88888888888889, "percent_covered_display": "88.89", "missing_lines": 16, "excluded_lines": 4, "percent_statements_covered": 89.6774193548387, "percent_statements_covered_display": "89.68", "num_branches": 52, "num_partial_branches": 3, "covered_branches": 45, "missing_branches": 7, "percent_branches_covered": 86.53846153846153, "percent_branches_covered_display": "86.54"}, "missing_lines": [160, 161, 175, 234, 235, 236, 237, 238, 239, 240, 241, 242, 243, 244, 245, 252], "excluded_lines": [255, 256, 262, 263], "start_line": 1, "executed_branches": [[63, 65], [63, 66], [66, 68], [66, 69], [69, 71], [69, 73], [79, 80], [79, 83], [80, 79], [80, 81], [113, 114], [113, 118], [116, 113], [116, 117], [118, 119], [118, 121], [128, 129], [128, 130], [130, 131], [130, 132], [132, 133], [132, 135], [141, -124], [141, 142], [142, 143], [142, 144], [151, -150], [151, 152], [154, 155], [154, 159], [156, 151], [156, 157], [159, 151], [172, 173], [172, 180], [174, 176], [180, 181], [180, 185], [181, 180], [181, 182], [188, 189], [188, 193], [190, 188], [190, 191], [195, 196]], "missing_branches": [[159, 160], [174, 175], [195, 199], [236, -233], [236, 237], [244, 245], [244, 252]]}}}, "spherepop/__init__.py": {"executed_lines": [1, 12, 23, 24, 25, 34], "summary": {"covered_lines": 6, "num_statements": 6, "percent_covered": 100.0, "percent_covered_display": "100.00", "missing_lines": 0, "excluded_lines": 0, "percent_statements_covered": 100.0, "percent_statements_covered_display": "100.00", "num_branches": 0, "num_partial_branches": 0, "covered_branches": 0, "missing_branches": 0, "percent_branches_covered": 100.0, "percent_branches_covered_display": "100.00"}, "missing_lines": [], "excluded_lines": [], "executed_branches": [], "missing_branches": [], "functions": {"": {"executed_lines": [1, 12, 23, 24, 25, 34], "summary": {"covered_lines": 6, "num_statements": 6, "percent_covered": 100.0, "percent_covered_display": "100.00", "missing_lines": 0, "excluded_lines": 0, "percent_statements_covered": 100.0, "percent_statements_covered_display": "100.00", "num_branches": 0, "num_partial_branches": 0, "covered_branches": 0, "missing_branches": 0, "percent_branches_covered": 100.0, "percent_branches_covered_display": "100.00"}, "missing_lines": [], "excluded_lines": [], "start_line": 1, "executed_branches": [], "missing_branches": []}}, "classes": {"": {"executed_lines": [1, 12, 23, 24, 25, 34], "summary": {"covered_lines": 6, "num_statements": 6, "percent_covered": 100.0, "percent_covered_display": "100.00", "missing_lines": 0, "excluded_lines": 0, "percent_statements_covered": 100.0, "percent_statements_covered_display": "100.00", "num_branches": 0, "num_partial_branches": 0, "covered_branches": 0, "missing_branches": 0, "percent_branches_covered": 100.0, "percent_branches_covered_display": "100.00"}, "missing_lines": [], "excluded_lines": [], "start_line": 1, "executed_branches": [], "missing_branches": []}}}, "spherepop/appendix_g.py": {"executed_lines": [], "summary": {"covered_lines": 0, "num_statements": 157, "percent_covered": 0.0, "percent_covered_display": "0.00", "missing_lines": 157, "excluded_lines": 0, "percent_statements_covered": 0.0, "percent_statements_covered_display": "0.00", "num_branches": 64, "num_partial_branches": 0, "covered_branches": 0, "missing_branches": 64, "percent_branches_covered": 0.0, "percent_branches_covered_display": "0.00"}, "missing_lines": [1, 3, 4, 5, 7, 10, 11, 14, 17, 18, 19, 20, 23, 24, 25, 26, 27, 28, 29, 30, 31, 32, 33, 34, 35, 36, 37, 38, 39, 40, 41, 42, 43, 44, 45, 46, 47, 48, 49, 52, 53, 54, 55, 57, 58, 59, 60, 62, 63, 64, 65, 66, 67, 70, 71, 72, 73, 74, 77, 78, 79, 80, 81, 84, 85, 86, 89, 90, 92, 93, 94, 95, 96, 97, 98, 99, 100, 101, 102, 103, 104, 105, 106, 107, 108, 109, 110, 111, 112, 114, 115, 116, 117, 118, 119, 122, 123, 124, 125, 126, 127, 128, 129, 130, 133, 134, 135, 136, 137, 138, 139, 140, 141, 142, 143, 144, 145, 146, 147, 150, 151, 152, 153, 154, 156, 157, 158, 159, 160, 162, 163, 164, 165, 166, 167, 168, 170, 171, 172, 173, 174, 175, 177, 178, 179, 180, 181, 182, 184, 187, 188, 189, 190, 191, 192, 193, 194], "excluded_lines": [], "executed_branches": [], "missing_branches": [[26, 27], [26, 49], [28, 29], [28, 31], [31, 32], [31, 35], [35, 36], [35, 44], [37, 38], [37, 39], [39, 40], [39, 41], [45, 46], [45, 47], [58, 59], [58, 60], [64, 65], [64, 66], [72, 73], [72, 74], [79, 80], [79, 81], [94, 95], [94, 96], [96, 97], [96, 110], [103, 104], [103, 105], [105, 106], [105, 108], [110, 111], [110, 112], [115, 116], [115, 117], [117, 118], [117, 119], [127, 128], [127, 129], [137, 138], [137, 140], [140, 141], [140, 142], [144, 145], [144, 146], [156, 157], [156, 162], [158, 159], [158, 160], [163, 164], [163, 170], [166, 167], [166, 168], [170, 171], [170, 177], [173, 174], [173, 175], [177, 178], [177, 184], [180, 181], [180, 182], [189, 190], [189, 194], [191, 192], [191, 193]], "functions": {"_tokenize": {"executed_lines": [], "summary": {"covered_lines": 0, "num_statements": 26, "percent_covered": 0.0, "percent_covered_display": "0.00", "missing_lines": 26, "excluded_lines": 0, "percent_statements_covered": 0.0, "percent_statements_covered_display": "0.00", "num_branches": 14, "num_partial_branches": 0, "covered_branches": 0, "missing_branches": 14, "percent_branches_covered": 0.0, "percent_branches_covered_display": "0.00"}, "missing_lines": [24, 25, 26, 27, 28, 29, 30, 31, 32, 33, 34, 35, 36, 37, 38, 39, 40, 41, 42, 43, 44, 45, 46, 47, 48, 49], "excluded_lines": [], "start_line": 23, "executed_branches": [], "missing_branches": [[26, 27], [26, 49], [28, 29], [28, 31], [31, 32], [31, 35], [35, 36], [35, 44], [37, 38], [37, 39], [39, 40], [39, 41], [45, 46], [45, 47]]}, "_Cursor.peek": {"executed_lines": [], "summary": {"covered_lines": 0, "num_statements": 3, "percent_covered": 0.0, "percent_covered_display": "0.00", "missing_lines": 3, "excluded_lines": 0, "percent_statements_covered": 0.0, "percent_statements_covered_display": "0.00", "num_branches": 2, "num_partial_branches": 0, "covered_branches": 0, "missing_branches": 2, "percent_branches_covered": 0.0, "percent_branches_covered_display": "0.00"}, "missing_lines": [58, 59, 60], "excluded_lines": [], "start_line": 57, "executed_branches": [], "missing_branches": [[58, 59], [58, 60]]}, "_Cursor.pop": {"executed_lines": [], "summary": {"covered_lines": 0, "num_statements": 5, "percent_covered": 0.0, "percent_covered_display": "0.00", "missing_lines": 5, "excluded_lines": 0, "percent_statements_covered": 0.0, "percent_statements_covered_display": "0.00", "num_branches": 2, "num_partial_branches": 0, "covered_branches": 0, "missing_branches": 2, "percent_branches_covered": 0.0, "percent_branches_covered_display": "0.00"}, "missing_lines": [63, 64, 65, 66, 67], "excluded_lines": [], "start_line": 62, "executed_branches": [], "missing_branches": [[64, 65], [64, 66]]}, "_expect": {"executed_lines": [], "summary": {"covered_lines": 0, "num_statements": 4, "percent_covered": 0.0, "percent_covered_display": "0.00", "missing_lines": 4, "excluded_lines": 0, "percent_statements_covered": 0.0, "percent_statements_covered_display": "0.00", "num_branches": 2, "num_partial_branches": 0, "covered_branches": 0, "missing_branches": 2, "percent_branches_covered": 0.0, "percent_branches_covered_display": "0.00"}, "missing_lines": [71, 72, 73, 74], "excluded_lines": [], "start_line": 70, "executed_branches": [], "missing_branches": [[72, 73], [72, 74]]}, "_expect_label": {"executed_lines": [], "summary": {"covered_lines": 0, "num_statements": 4, "percent_covered": 0.0, "percent_covered_display": "0.00", "missing_lines": 4, "excluded_lines": 0, "percent_statements_covered": 0.0, "percent_statements_covered_display": "0.00", "num_branches": 2, "num_partial_branches": 0, "covered_branches": 0, "missing_branches": 2, "percent_branches_covered": 0.0, "percent_branches_covered_display": "0.00"}, "missing_lines": [78, 79, 80, 81], "excluded_lines": [], "start_line": 77, "executed_branches": [], "missing_branches": [[79, 80], [79, 81]]}, "_parse_atom": {"executed_lines": [], "summary": {"covered_lines": 0, "num_statements": 2, "percent_covered": 0.0, "percent_covered_display": "0.00", "missing_lines": 2, "excluded_lines": 0, "percent_statements_covered": 0.0, "percent_statements_covered_display": "0.00", "num_branches": 0, "num_partial_branches": 0, "covered_branches": 0, "missing_branches": 0, "percent_branches_covered": 100.0, "percent_branches_covered_display": "100.00"}, "missing_lines": [85, 86], "excluded_lines": [], "start_line": 84, "executed_branches": [], "missing_branches": []}, "parse_sphere": {"executed_lines": [], "summary": {"covered_lines": 0, "num_statements": 8, "percent_covered": 0.0, "percent_covered_display": "0.00", "missing_lines": 8, "excluded_lines": 0, "percent_statements_covered": 0.0, "percent_statements_covered_display": "0.00", "num_branches": 4, "num_partial_branches": 0, "covered_branches": 0, "missing_branches": 4, "percent_branches_covered": 0.0, "percent_branches_covered_display": "0.00"}, "missing_lines": [90, 92, 114, 115, 116, 117, 118, 119], "excluded_lines": [], "start_line": 89, "executed_branches": [], "missing_branches": [[115, 116], [115, 117], [117, 118], [117, 119]]}, "parse_sphere.parse_expr": {"executed_lines": [], "summary": {"covered_lines": 0, "num_statements": 20, "percent_covered": 0.0, "percent_covered_display": "0.00", "missing_lines": 20, "excluded_lines": 0, "percent_statements_covered": 0.0, "percent_statements_covered_display": "0.00", "num_branches": 10, "num_partial_branches": 0, "covered_branches": 0, "missing_branches": 10, "percent_branches_covered": 0.0, "percent_branches_covered_display": "0.00"}, "missing_lines": [93, 94, 95, 96, 97, 98, 99, 100, 101, 102, 103, 104, 105, 106, 107, 108, 109, 110, 111, 112], "excluded_lines": [], "start_line": 92, "executed_branches": [], "missing_branches": [[94, 95], [94, 96], [96, 97], [96, 110], [103, 104], [103, 105], [105, 106], [105, 108], [110, 111], [110, 112]]}, "_collect_csv_atoms": {"executed_lines": [], "summary": {"covered_lines": 0, "num_statements": 8, "percent_covered": 0.0, "percent_covered_display": "0.00", "missing_lines": 8, "excluded_lines": 0, "percent_statements_covered": 0.0, "percent_statements_covered_display": "0.00", "num_branches": 2, "num_partial_branches": 0, "covered_branches": 0, "missing_branches": 2, "percent_branches_covered": 0.0, "percent_branches_covered_display": "0.00"}, "missing_lines": [123, 124, 125, 126, 127, 128, 129, 130], "excluded_lines": [], "start_line": 122, "executed_branches": [], "missing_branches": [[127, 128], [127, 129]]}, "_parse_collapse_classes": {"executed_lines": [], "summary": {"covered_lines": 0, "num_statements": 14, "percent_covered": 0.0, "percent_covered_display": "0.00", "missing_lines": 14, "excluded_lines": 0, "percent_statements_covered": 0.0, "percent_statements_covered_display": "0.00", "num_branches": 6, "num_partial_branches": 0, "covered_branches": 0, "missing_branches": 6, "percent_branches_covered": 0.0, "percent_branches_covered_display": "0.00"}, "missing_lines": [134, 135, 136, 137, 138, 139, 140, 141, 142, 143, 144, 145, 146, 147], "excluded_lines": [], "start_line": 133, "executed_branches": [], "missing_branches": [[137, 138], [137, 140], [140, 141], [140, 142], [144, 145], [144, 146]]}, "parse_event": {"executed_lines": [], "summary": {"covered_lines": 0, "num_statements": 29, "percent_covered": 0.0, "percent_covered_display": "0.00", "missing_lines": 29, "excluded_lines": 0, "percent_statements_covered": 0.0, "percent_statements_covered_display": "0.00", "num_branches": 16, "num_partial_branches": 0, "covered_branches": 0, "missing_branches": 16, "percent_branches_covered": 0.0, "percent_branches_covered_display": "0.00"}, "missing_lines": [151, 152, 153, 154, 156, 157, 158, 159, 160, 162, 163, 164, 165, 166, 167, 168, 170, 171, 172, 173, 174, 175, 177, 178, 179, 180, 181, 182, 184], "excluded_lines": [], "start_line": 150, "executed_branches": [], "missing_branches": [[156, 157], [156, 162], [158, 159], [158, 160], [163, 164], [163, 170], [166, 167], [166, 168], [170, 171], [170, 177], [173, 174], [173, 175], [177, 178], [177, 184], [180, 181], [180, 182]]}, "parse_program": {"executed_lines": [], "summary": {"covered_lines": 0, "num_statements": 7, "percent_covered": 0.0, "percent_covered_display": "0.00", "missing_lines": 7, "excluded_lines": 0, "percent_statements_covered": 0.0, "percent_statements_covered_display": "0.00", "num_branches": 4, "num_partial_branches": 0, "covered_branches": 0, "missing_branches": 4, "percent_branches_covered": 0.0, "percent_branches_covered_display": "0.00"}, "missing_lines": [188, 189, 190, 191, 192, 193, 194], "excluded_lines": [], "start_line": 187, "executed_branches": [], "missing_branches": [[189, 190], [189, 194], [191, 192], [191, 193]]}, "": {"executed_lines": [], "summary": {"covered_lines": 0, "num_statements": 27, "percent_covered": 0.0, "percent_covered_display": "0.00", "missing_lines": 27, "excluded_lines": 0, "percent_statements_covered": 0.0, "percent_statements_covered_display": "0.00", "num_branches": 0, "num_partial_branches": 0, "covered_branches": 0, "missing_branches": 0, "percent_branches_covered": 100.0, "percent_branches_covered_display": "100.00"}, "missing_lines": [1, 3, 4, 5, 7, 10, 11, 14, 17, 18, 19, 20, 23, 52, 53, 54, 55, 57, 62, 70, 77, 84, 89, 122, 133, 150, 187], "excluded_lines": [], "start_line": 1, "executed_branches": [], "missing_branches": []}}, "classes": {"GrammarError": {"executed_lines": [], "summary": {"covered_lines": 0, "num_statements": 0, "percent_covered": 100.0, "percent_covered_display": "100.00", "missing_lines": 0, "excluded_lines": 0, "percent_statements_covered": 100.0, "percent_statements_covered_display": "100.00", "num_branches": 0, "num_partial_branches": 0, "covered_branches": 0, "missing_branches": 0, "percent_branches_covered": 100.0, "percent_branches_covered_display": "100.00"}, "missing_lines": [], "excluded_lines": [], "start_line": 10, "executed_branches": [], "missing_branches": []}, "_Token": {"executed_lines": [], "summary": {"covered_lines": 0, "num_statements": 0, "percent_covered": 100.0, "percent_covered_display": "100.00", "missing_lines": 0, "excluded_lines": 0, "percent_statements_covered": 100.0, "percent_statements_covered_display": "100.00", "num_branches": 0, "num_partial_branches": 0, "covered_branches": 0, "missing_branches": 0, "percent_branches_covered": 100.0, "percent_branches_covered_display": "100.00"}, "missing_lines": [], "excluded_lines": [], "start_line": 18, "executed_branches": [], "missing_branches": []}, "_Cursor": {"executed_lines": [], "summary": {"covered_lines": 0, "num_statements": 8, "percent_covered": 0.0, "percent_covered_display": "0.00", "missing_lines": 8, "excluded_lines": 0, "percent_statements_covered": 0.0, "percent_statements_covered_display": "0.00", "num_branches": 4, "num_partial_branches": 0, "covered_branches": 0, "missing_branches": 4, "percent_branches_covered": 0.0, "percent_branches_covered_display": "0.00"}, "missing_lines": [58, 59, 60, 63, 64, 65, 66, 67], "excluded_lines": [], "start_line": 53, "executed_branches": [], "missing_branches": [[58, 59], [58, 60], [64, 65], [64, 66]]}, "": {"executed_lines": [], "summary": {"covered_lines": 0, "num_statements": 149, "percent_covered": 0.0, "percent_covered_display": "0.00", "missing_lines": 149, "excluded_lines": 0, "percent_statements_covered": 0.0, "percent_statements_covered_display": "0.00", "num_branches": 60, "num_partial_branches": 0, "covered_branches": 0, "missing_branches": 60, "percent_branches_covered": 0.0, "percent_branches_covered_display": "0.00"}, "missing_lines": [1, 3, 4, 5, 7, 10, 11, 14, 17, 18, 19, 20, 23, 24, 25, 26, 27, 28, 29, 30, 31, 32, 33, 34, 35, 36, 37, 38, 39, 40, 41, 42, 43, 44, 45, 46, 47, 48, 49, 52, 53, 54, 55, 57, 62, 70, 71, 72, 73, 74, 77, 78, 79, 80, 81, 84, 85, 86, 89, 90, 92, 93, 94, 95, 96, 97, 98, 99, 100, 101, 102, 103, 104, 105, 106, 107, 108, 109, 110, 111, 112, 114, 115, 116, 117, 118, 119, 122, 123, 124, 125, 126, 127, 128, 129, 130, 133, 134, 135, 136, 137, 138, 139, 140, 141, 142, 143, 144, 145, 146, 147, 150, 151, 152, 153, 154, 156, 157, 158, 159, 160, 162, 163, 164, 165, 166, 167, 168, 170, 171, 172, 173, 174, 175, 177, 178, 179, 180, 181, 182, 184, 187, 188, 189, 190, 191, 192, 193, 194], "excluded_lines": [], "start_line": 1, "executed_branches": [], "missing_branches": [[26, 27], [26, 49], [28, 29], [28, 31], [31, 32], [31, 35], [35, 36], [35, 44], [37, 38], [37, 39], [39, 40], [39, 41], [45, 46], [45, 47], [72, 73], [72, 74], [79, 80], [79, 81], [94, 95], [94, 96], [96, 97], [96, 110], [103, 104], [103, 105], [105, 106], [105, 108], [110, 111], [110, 112], [115, 116], [115, 117], [117, 118], [117, 119], [127, 128], [127, 129], [137, 138], [137, 140], [140, 141], [140, 142], [144, 145], [144, 146], [156, 157], [156, 162], [158, 159], [158, 160], [163, 164], [163, 170], [166, 167], [166, 168], [170, 171], [170, 177], [173, 174], [173, 175], [177, 178], [177, 184], [180, 181], [180, 182], [189, 190], [189, 194], [191, 192], [191, 193]]}}}, "spherepop/grammar.py": {"executed_lines": [58, 60, 61, 63, 66, 67, 70, 73, 74, 75, 76, 79, 80, 81, 82, 83, 84, 85, 86, 87, 88, 89, 90, 91, 92, 93, 94, 95, 96, 97, 98, 99, 100, 101, 102, 103, 104, 106, 109, 110, 111, 112, 114, 115, 116, 117, 119, 120, 122, 123, 124, 127, 128, 129, 130, 133, 134, 135, 137, 140, 141, 142, 144, 145, 146, 149, 150, 151, 152, 154, 155, 156, 157, 158, 160, 161, 162, 163, 164, 167, 169, 170, 171, 173, 176, 178, 179, 180, 181, 184, 185, 186, 187, 188, 189, 190, 191, 194, 195, 196, 197, 198, 201, 208, 210, 211, 212, 213, 214, 215, 217, 218, 219, 220, 222, 223, 225, 226, 227, 228, 231, 232, 233, 234, 235, 236, 237, 238, 241, 243, 244, 245, 247, 249, 250, 251, 253, 255, 256, 257, 258, 259, 260, 261, 262, 263, 264, 265, 266, 268, 269, 270, 271, 272, 273, 274, 276, 278, 280], "summary": {"covered_lines": 159, "num_statements": 170, "percent_covered": 90.17094017094017, "percent_covered_display": "90.17", "missing_lines": 11, "excluded_lines": 0, "percent_statements_covered": 93.52941176470588, "percent_statements_covered_display": "93.53", "num_branches": 64, "num_partial_branches": 12, "covered_branches": 52, "missing_branches": 12, "percent_branches_covered": 81.25, "percent_branches_covered_display": "81.25"}, "missing_lines": [105, 121, 136, 143, 153, 159, 172, 246, 252, 267, 279], "excluded_lines": [], "executed_branches": [[82, 83], [82, 106], [84, 85], [84, 87], [87, 88], [87, 91], [91, 92], [91, 98], [93, 94], [93, 95], [98, 99], [100, 101], [100, 102], [115, 116], [115, 117], [120, 122], [129, -127], [129, 130], [135, 137], [142, 144], [144, 145], [144, 146], [152, 154], [158, 160], [160, 161], [160, 162], [171, 173], [179, 180], [179, 181], [187, 188], [187, 190], [212, 213], [212, 215], [219, 220], [222, 223], [222, 225], [226, 227], [226, 228], [234, 235], [234, 237], [245, 247], [251, 253], [255, 256], [255, 258], [258, 259], [258, 263], [263, 264], [263, 270], [266, 268], [270, 271], [270, 276], [278, 280]], "missing_branches": [[98, 105], [120, 121], [135, 136], [142, 143], [152, 153], [158, 159], [171, 172], [219, -217], [245, 246], [251, 252], [266, 267], [278, 279]], "functions": {"_tokenize": {"executed_lines": [80, 81, 82, 83, 84, 85, 86, 87, 88, 89, 90, 91, 92, 93, 94, 95, 96, 97, 98, 99, 100, 101, 102, 103, 104, 106], "summary": {"covered_lines": 26, "num_statements": 27, "percent_covered": 95.1219512195122, "percent_covered_display": "95.12", "missing_lines": 1, "excluded_lines": 0, "percent_statements_covered": 96.29629629629629, "percent_statements_covered_display": "96.30", "num_branches": 14, "num_partial_branches": 1, "covered_branches": 13, "missing_branches": 1, "percent_branches_covered": 92.85714285714286, "percent_branches_covered_display": "92.86"}, "missing_lines": [105], "excluded_lines": [], "start_line": 79, "executed_branches": [[82, 83], [82, 106], [84, 85], [84, 87], [87, 88], [87, 91], [91, 92], [91, 98], [93, 94], [93, 95], [98, 99], [100, 101], [100, 102]], "missing_branches": [[98, 105]]}, "_Cursor.peek": {"executed_lines": [115, 116, 117], "summary": {"covered_lines": 3, "num_statements": 3, "percent_covered": 100.0, "percent_covered_display": "100.00", "missing_lines": 0, "excluded_lines": 0, "percent_statements_covered": 100.0, "percent_statements_covered_display": "100.00", "num_branches": 2, "num_partial_branches": 0, "covered_branches": 2, "missing_branches": 0, "percent_branches_covered": 100.0, "percent_branches_covered_display": "100.00"}, "missing_lines": [], "excluded_lines": [], "start_line": 114, "executed_branches": [[115, 116], [115, 117]], "missing_branches": []}, "_Cursor.pop": {"executed_lines": [120, 122, 123, 124], "summary": {"covered_lines": 4, "num_statements": 5, "percent_covered": 71.42857142857143, "percent_covered_display": "71.43", "missing_lines": 1, "excluded_lines": 0, "percent_statements_covered": 80.0, "percent_statements_covered_display": "80.00", "num_branches": 2, "num_partial_branches": 1, "covered_branches": 1, "missing_branches": 1, "percent_branches_covered": 50.0, "percent_branches_covered_display": "50.00"}, "missing_lines": [121], "excluded_lines": [], "start_line": 119, "executed_branches": [[120, 122]], "missing_branches": [[120, 121]]}, "_expect": {"executed_lines": [128, 129, 130], "summary": {"covered_lines": 3, "num_statements": 3, "percent_covered": 100.0, "percent_covered_display": "100.00", "missing_lines": 0, "excluded_lines": 0, "percent_statements_covered": 100.0, "percent_statements_covered_display": "100.00", "num_branches": 2, "num_partial_branches": 0, "covered_branches": 2, "missing_branches": 0, "percent_branches_covered": 100.0, "percent_branches_covered_display": "100.00"}, "missing_lines": [], "excluded_lines": [], "start_line": 127, "executed_branches": [[129, -127], [129, 130]], "missing_branches": []}, "_parse_value": {"executed_lines": [134, 135, 137], "summary": {"covered_lines": 3, "num_statements": 4, "percent_covered": 66.66666666666667, "percent_covered_display": "66.67", "missing_lines": 1, "excluded_lines": 0, "percent_statements_covered": 75.0, "percent_statements_covered_display": "75.00", "num_branches": 2, "num_partial_branches": 1, "covered_branches": 1, "missing_branches": 1, "percent_branches_covered": 50.0, "percent_branches_covered_display": "50.00"}, "missing_lines": [136], "excluded_lines": [], "start_line": 133, "executed_branches": [[135, 137]], "missing_branches": [[135, 136]]}, "_parse_expr": {"executed_lines": [141, 142, 144, 145, 146], "summary": {"covered_lines": 5, "num_statements": 6, "percent_covered": 80.0, "percent_covered_display": "80.00", "missing_lines": 1, "excluded_lines": 0, "percent_statements_covered": 83.33333333333333, "percent_statements_covered_display": "83.33", "num_branches": 4, "num_partial_branches": 1, "covered_branches": 3, "missing_branches": 1, "percent_branches_covered": 75.0, "percent_branches_covered_display": "75.00"}, "missing_lines": [143], "excluded_lines": [], "start_line": 140, "executed_branches": [[142, 144], [144, 145], [144, 146]], "missing_branches": [[142, 143]]}, "_parse_sphere": {"executed_lines": [150, 151, 152, 154, 155, 156, 157, 158, 160, 161, 162, 163, 164], "summary": {"covered_lines": 13, "num_statements": 15, "percent_covered": 80.95238095238095, "percent_covered_display": "80.95", "missing_lines": 2, "excluded_lines": 0, "percent_statements_covered": 86.66666666666667, "percent_statements_covered_display": "86.67", "num_branches": 6, "num_partial_branches": 2, "covered_branches": 4, "missing_branches": 2, "percent_branches_covered": 66.66666666666667, "percent_branches_covered_display": "66.67"}, "missing_lines": [153, 159], "excluded_lines": [], "start_line": 149, "executed_branches": [[152, 154], [158, 160], [160, 161], [160, 162]], "missing_branches": [[152, 153], [158, 159]]}, "parse_expr": {"executed_lines": [169, 170, 171, 173], "summary": {"covered_lines": 4, "num_statements": 5, "percent_covered": 71.42857142857143, "percent_covered_display": "71.43", "missing_lines": 1, "excluded_lines": 0, "percent_statements_covered": 80.0, "percent_statements_covered_display": "80.00", "num_branches": 2, "num_partial_branches": 1, "covered_branches": 1, "missing_branches": 1, "percent_branches_covered": 50.0, "percent_branches_covered_display": "50.00"}, "missing_lines": [172], "excluded_lines": [], "start_line": 167, "executed_branches": [[171, 173]], "missing_branches": [[171, 172]]}, "parse_sphere": {"executed_lines": [178, 179, 180, 181], "summary": {"covered_lines": 4, "num_statements": 4, "percent_covered": 100.0, "percent_covered_display": "100.00", "missing_lines": 0, "excluded_lines": 0, "percent_statements_covered": 100.0, "percent_statements_covered_display": "100.00", "num_branches": 2, "num_partial_branches": 0, "covered_branches": 2, "missing_branches": 0, "percent_branches_covered": 100.0, "percent_branches_covered_display": "100.00"}, "missing_lines": [], "excluded_lines": [], "start_line": 176, "executed_branches": [[179, 180], [179, 181]], "missing_branches": []}, "_parse_set": {"executed_lines": [185, 186, 187, 188, 189, 190, 191], "summary": {"covered_lines": 7, "num_statements": 7, "percent_covered": 100.0, "percent_covered_display": "100.00", "missing_lines": 0, "excluded_lines": 0, "percent_statements_covered": 100.0, "percent_statements_covered_display": "100.00", "num_branches": 2, "num_partial_branches": 0, "covered_branches": 2, "missing_branches": 0, "percent_branches_covered": 100.0, "percent_branches_covered_display": "100.00"}, "missing_lines": [], "excluded_lines": [], "start_line": 184, "executed_branches": [[187, 188], [187, 190]], "missing_branches": []}, "_parse_pair": {"executed_lines": [195, 196, 197, 198], "summary": {"covered_lines": 4, "num_statements": 4, "percent_covered": 100.0, "percent_covered_display": "100.00", "missing_lines": 0, "excluded_lines": 0, "percent_statements_covered": 100.0, "percent_statements_covered_display": "100.00", "num_branches": 0, "num_partial_branches": 0, "covered_branches": 0, "missing_branches": 0, "percent_branches_covered": 100.0, "percent_branches_covered_display": "100.00"}, "missing_lines": [], "excluded_lines": [], "start_line": 194, "executed_branches": [], "missing_branches": []}, "_pairs_to_classes": {"executed_lines": [208, 210, 217, 222, 223, 225, 226, 227, 228], "summary": {"covered_lines": 9, "num_statements": 9, "percent_covered": 100.0, "percent_covered_display": "100.00", "missing_lines": 0, "excluded_lines": 0, "percent_statements_covered": 100.0, "percent_statements_covered_display": "100.00", "num_branches": 4, "num_partial_branches": 0, "covered_branches": 4, "missing_branches": 0, "percent_branches_covered": 100.0, "percent_branches_covered_display": "100.00"}, "missing_lines": [], "excluded_lines": [], "start_line": 201, "executed_branches": [[222, 223], [222, 225], [226, 227], [226, 228]], "missing_branches": []}, "_pairs_to_classes.find": {"executed_lines": [211, 212, 213, 214, 215], "summary": {"covered_lines": 5, "num_statements": 5, "percent_covered": 100.0, "percent_covered_display": "100.00", "missing_lines": 0, "excluded_lines": 0, "percent_statements_covered": 100.0, "percent_statements_covered_display": "100.00", "num_branches": 2, "num_partial_branches": 0, "covered_branches": 2, "missing_branches": 0, "percent_branches_covered": 100.0, "percent_branches_covered_display": "100.00"}, "missing_lines": [], "excluded_lines": [], "start_line": 210, "executed_branches": [[212, 213], [212, 215]], "missing_branches": []}, "_pairs_to_classes.union": {"executed_lines": [218, 219, 220], "summary": {"covered_lines": 3, "num_statements": 3, "percent_covered": 80.0, "percent_covered_display": "80.00", "missing_lines": 0, "excluded_lines": 0, "percent_statements_covered": 100.0, "percent_statements_covered_display": "100.00", "num_branches": 2, "num_partial_branches": 1, "covered_branches": 1, "missing_branches": 1, "percent_branches_covered": 50.0, "percent_branches_covered_display": "50.00"}, "missing_lines": [], "excluded_lines": [], "start_line": 217, "executed_branches": [[219, 220]], "missing_branches": [[219, -217]]}, "_parse_equiv": {"executed_lines": [232, 233, 234, 235, 236, 237, 238], "summary": {"covered_lines": 7, "num_statements": 7, "percent_covered": 100.0, "percent_covered_display": "100.00", "missing_lines": 0, "excluded_lines": 0, "percent_statements_covered": 100.0, "percent_statements_covered_display": "100.00", "num_branches": 2, "num_partial_branches": 0, "covered_branches": 2, "missing_branches": 0, "percent_branches_covered": 100.0, "percent_branches_covered_display": "100.00"}, "missing_lines": [], "excluded_lines": [], "start_line": 231, "executed_branches": [[234, 235], [234, 237]], "missing_branches": []}, "parse_event": {"executed_lines": [243, 244, 245, 247, 249, 250, 251, 253, 255, 256, 257, 258, 259, 260, 261, 262, 263, 264, 265, 266, 268, 269, 270, 271, 272, 273, 274, 276, 278, 280], "summary": {"covered_lines": 30, "num_statements": 34, "percent_covered": 84.0, "percent_covered_display": "84.00", "missing_lines": 4, "excluded_lines": 0, "percent_statements_covered": 88.23529411764706, "percent_statements_covered_display": "88.24", "num_branches": 16, "num_partial_branches": 4, "covered_branches": 12, "missing_branches": 4, "percent_branches_covered": 75.0, "percent_branches_covered_display": "75.00"}, "missing_lines": [246, 252, 267, 279], "excluded_lines": [], "start_line": 241, "executed_branches": [[245, 247], [251, 253], [255, 256], [255, 258], [258, 259], [258, 263], [263, 264], [263, 270], [266, 268], [270, 271], [270, 276], [278, 280]], "missing_branches": [[245, 246], [251, 252], [266, 267], [278, 279]]}, "": {"executed_lines": [58, 60, 61, 63, 66, 67, 70, 73, 74, 75, 76, 79, 109, 110, 111, 112, 114, 119, 127, 133, 140, 149, 167, 176, 184, 194, 201, 231, 241], "summary": {"covered_lines": 29, "num_statements": 29, "percent_covered": 100.0, "percent_covered_display": "100.00", "missing_lines": 0, "excluded_lines": 0, "percent_statements_covered": 100.0, "percent_statements_covered_display": "100.00", "num_branches": 0, "num_partial_branches": 0, "covered_branches": 0, "missing_branches": 0, "percent_branches_covered": 100.0, "percent_branches_covered_display": "100.00"}, "missing_lines": [], "excluded_lines": [], "start_line": 1, "executed_branches": [], "missing_branches": []}}, "classes": {"GrammarError": {"executed_lines": [], "summary": {"covered_lines": 0, "num_statements": 0, "percent_covered": 100.0, "percent_covered_display": "100.00", "missing_lines": 0, "excluded_lines": 0, "percent_statements_covered": 100.0, "percent_statements_covered_display": "100.00", "num_branches": 0, "num_partial_branches": 0, "covered_branches": 0, "missing_branches": 0, "percent_branches_covered": 100.0, "percent_branches_covered_display": "100.00"}, "missing_lines": [], "excluded_lines": [], "start_line": 66, "executed_branches": [], "missing_branches": []}, "_Token": {"executed_lines": [], "summary": {"covered_lines": 0, "num_statements": 0, "percent_covered": 100.0, "percent_covered_display": "100.00", "missing_lines": 0, "excluded_lines": 0, "percent_statements_covered": 100.0, "percent_statements_covered_display": "100.00", "num_branches": 0, "num_partial_branches": 0, "covered_branches": 0, "missing_branches": 0, "percent_branches_covered": 100.0, "percent_branches_covered_display": "100.00"}, "missing_lines": [], "excluded_lines": [], "start_line": 74, "executed_branches": [], "missing_branches": []}, "_Cursor": {"executed_lines": [115, 116, 117, 120, 122, 123, 124], "summary": {"covered_lines": 7, "num_statements": 8, "percent_covered": 83.33333333333333, "percent_covered_display": "83.33", "missing_lines": 1, "excluded_lines": 0, "percent_statements_covered": 87.5, "percent_statements_covered_display": "87.50", "num_branches": 4, "num_partial_branches": 1, "covered_branches": 3, "missing_branches": 1, "percent_branches_covered": 75.0, "percent_branches_covered_display": "75.00"}, "missing_lines": [121], "excluded_lines": [], "start_line": 110, "executed_branches": [[115, 116], [115, 117], [120, 122]], "missing_branches": [[120, 121]]}, "": {"executed_lines": [58, 60, 61, 63, 66, 67, 70, 73, 74, 75, 76, 79, 80, 81, 82, 83, 84, 85, 86, 87, 88, 89, 90, 91, 92, 93, 94, 95, 96, 97, 98, 99, 100, 101, 102, 103, 104, 106, 109, 110, 111, 112, 114, 119, 127, 128, 129, 130, 133, 134, 135, 137, 140, 141, 142, 144, 145, 146, 149, 150, 151, 152, 154, 155, 156, 157, 158, 160, 161, 162, 163, 164, 167, 169, 170, 171, 173, 176, 178, 179, 180, 181, 184, 185, 186, 187, 188, 189, 190, 191, 194, 195, 196, 197, 198, 201, 208, 210, 211, 212, 213, 214, 215, 217, 218, 219, 220, 222, 223, 225, 226, 227, 228, 231, 232, 233, 234, 235, 236, 237, 238, 241, 243, 244, 245, 247, 249, 250, 251, 253, 255, 256, 257, 258, 259, 260, 261, 262, 263, 264, 265, 266, 268, 269, 270, 271, 272, 273, 274, 276, 278, 280], "summary": {"covered_lines": 152, "num_statements": 162, "percent_covered": 90.54054054054055, "percent_covered_display": "90.54", "missing_lines": 10, "excluded_lines": 0, "percent_statements_covered": 93.82716049382717, "percent_statements_covered_display": "93.83", "num_branches": 60, "num_partial_branches": 11, "covered_branches": 49, "missing_branches": 11, "percent_branches_covered": 81.66666666666667, "percent_branches_covered_display": "81.67"}, "missing_lines": [105, 136, 143, 153, 159, 172, 246, 252, 267, 279], "excluded_lines": [], "start_line": 1, "executed_branches": [[82, 83], [82, 106], [84, 85], [84, 87], [87, 88], [87, 91], [91, 92], [91, 98], [93, 94], [93, 95], [98, 99], [100, 101], [100, 102], [129, -127], [129, 130], [135, 137], [142, 144], [144, 145], [144, 146], [152, 154], [158, 160], [160, 161], [160, 162], [171, 173], [179, 180], [179, 181], [187, 188], [187, 190], [212, 213], [212, 215], [219, 220], [222, 223], [222, 225], [226, 227], [226, 228], [234, 235], [234, 237], [245, 247], [251, 253], [255, 256], [255, 258], [258, 259], [258, 263], [263, 264], [263, 270], [266, 268], [270, 271], [270, 276], [278, 280]], "missing_branches": [[98, 105], [135, 136], [142, 143], [152, 153], [158, 159], [171, 172], [219, -217], [245, 246], [251, 252], [266, 267], [278, 279]]}}}, "spherepop/model.py": {"executed_lines": [1, 3, 4, 7, 8, 20, 23, 24, 27, 30, 31, 32, 38, 41, 44, 45, 51, 52, 55, 56, 57, 62, 65, 66, 67, 68, 71, 72, 73, 74, 77, 80, 81, 82, 83, 84, 87, 88, 89, 90, 91, 94, 95, 96, 97, 98, 101, 102, 103, 104, 105, 108, 111, 112, 113, 114, 117, 118, 121, 122], "summary": {"covered_lines": 60, "num_statements": 60, "percent_covered": 100.0, "percent_covered_display": "100.00", "missing_lines": 0, "excluded_lines": 0, "percent_statements_covered": 100.0, "percent_statements_covered_display": "100.00", "num_branches": 0, "num_partial_branches": 0, "covered_branches": 0, "missing_branches": 0, "percent_branches_covered": 100.0, "percent_branches_covered_display": "100.00"}, "missing_lines": [], "excluded_lines": [], "executed_branches": [], "missing_branches": [], "functions": {"make_config": {"executed_lines": [122], "summary": {"covered_lines": 1, "num_statements": 1, "percent_covered": 100.0, "percent_covered_display": "100.00", "missing_lines": 0, "excluded_lines": 0, "percent_statements_covered": 100.0, "percent_statements_covered_display": "100.00", "num_branches": 0, "num_partial_branches": 0, "covered_branches": 0, "missing_branches": 0, "percent_branches_covered": 100.0, "percent_branches_covered_display": "100.00"}, "missing_lines": [], "excluded_lines": [], "start_line": 121, "executed_branches": [], "missing_branches": []}, "": {"executed_lines": [1, 3, 4, 7, 8, 20, 23, 24, 27, 30, 31, 32, 38, 41, 44, 45, 51, 52, 55, 56, 57, 62, 65, 66, 67, 68, 71, 72, 73, 74, 77, 80, 81, 82, 83, 84, 87, 88, 89, 90, 91, 94, 95, 96, 97, 98, 101, 102, 103, 104, 105, 108, 111, 112, 113, 114, 117, 118, 121], "summary": {"covered_lines": 59, "num_statements": 59, "percent_covered": 100.0, "percent_covered_display": "100.00", "missing_lines": 0, "excluded_lines": 0, "percent_statements_covered": 100.0, "percent_statements_covered_display": "100.00", "num_branches": 0, "num_partial_branches": 0, "covered_branches": 0, "missing_branches": 0, "percent_branches_covered": 100.0, "percent_branches_covered_display": "100.00"}, "missing_lines": [], "excluded_lines": [], "start_line": 1, "executed_branches": [], "missing_branches": []}}, "classes": {"Quotient": {"executed_lines": [], "summary": {"covered_lines": 0, "num_statements": 0, "percent_covered": 100.0, "percent_covered_display": "100.00", "missing_lines": 0, "excluded_lines": 0, "percent_statements_covered": 100.0, "percent_statements_covered_display": "100.00", "num_branches": 0, "num_partial_branches": 0, "covered_branches": 0, "missing_branches": 0, "percent_branches_covered": 100.0, "percent_branches_covered_display": "100.00"}, "missing_lines": [], "excluded_lines": [], "start_line": 8, "executed_branches": [], "missing_branches": []}, "Atom": {"executed_lines": [], "summary": {"covered_lines": 0, "num_statements": 0, "percent_covered": 100.0, "percent_covered_display": "100.00", "missing_lines": 0, "excluded_lines": 0, "percent_statements_covered": 100.0, "percent_statements_covered_display": "100.00", "num_branches": 0, "num_partial_branches": 0, "covered_branches": 0, "missing_branches": 0, "percent_branches_covered": 100.0, "percent_branches_covered_display": "100.00"}, "missing_lines": [], "excluded_lines": [], "start_line": 24, "executed_branches": [], "missing_branches": []}, "Sphere": {"executed_lines": [], "summary": {"covered_lines": 0, "num_statements": 0, "percent_covered": 100.0, "percent_covered_display": "100.00", "missing_lines": 0, "excluded_lines": 0, "percent_statements_covered": 100.0, "percent_statements_covered_display": "100.00", "num_branches": 0, "num_partial_branches": 0, "covered_branches": 0, "missing_branches": 0, "percent_branches_covered": 100.0, "percent_branches_covered_display": "100.00"}, "missing_lines": [], "excluded_lines": [], "start_line": 31, "executed_branches": [], "missing_branches": []}, "PopOp": {"executed_lines": [], "summary": {"covered_lines": 0, "num_statements": 0, "percent_covered": 100.0, "percent_covered_display": "100.00", "missing_lines": 0, "excluded_lines": 0, "percent_statements_covered": 100.0, "percent_statements_covered_display": "100.00", "num_branches": 0, "num_partial_branches": 0, "covered_branches": 0, "missing_branches": 0, "percent_branches_covered": 100.0, "percent_branches_covered_display": "100.00"}, "missing_lines": [], "excluded_lines": [], "start_line": 45, "executed_branches": [], "missing_branches": []}, "RefuseOp": {"executed_lines": [], "summary": {"covered_lines": 0, "num_statements": 0, "percent_covered": 100.0, "percent_covered_display": "100.00", "missing_lines": 0, "excluded_lines": 0, "percent_statements_covered": 100.0, "percent_statements_covered_display": "100.00", "num_branches": 0, "num_partial_branches": 0, "covered_branches": 0, "missing_branches": 0, "percent_branches_covered": 100.0, "percent_branches_covered_display": "100.00"}, "missing_lines": [], "excluded_lines": [], "start_line": 56, "executed_branches": [], "missing_branches": []}, "BindOp": {"executed_lines": [], "summary": {"covered_lines": 0, "num_statements": 0, "percent_covered": 100.0, "percent_covered_display": "100.00", "missing_lines": 0, "excluded_lines": 0, "percent_statements_covered": 100.0, "percent_statements_covered_display": "100.00", "num_branches": 0, "num_partial_branches": 0, "covered_branches": 0, "missing_branches": 0, "percent_branches_covered": 100.0, "percent_branches_covered_display": "100.00"}, "missing_lines": [], "excluded_lines": [], "start_line": 66, "executed_branches": [], "missing_branches": []}, "CollapseOp": {"executed_lines": [], "summary": {"covered_lines": 0, "num_statements": 0, "percent_covered": 100.0, "percent_covered_display": "100.00", "missing_lines": 0, "excluded_lines": 0, "percent_statements_covered": 100.0, "percent_statements_covered_display": "100.00", "num_branches": 0, "num_partial_branches": 0, "covered_branches": 0, "missing_branches": 0, "percent_branches_covered": 100.0, "percent_branches_covered_display": "100.00"}, "missing_lines": [], "excluded_lines": [], "start_line": 72, "executed_branches": [], "missing_branches": []}, "PopEvent": {"executed_lines": [], "summary": {"covered_lines": 0, "num_statements": 0, "percent_covered": 100.0, "percent_covered_display": "100.00", "missing_lines": 0, "excluded_lines": 0, "percent_statements_covered": 100.0, "percent_statements_covered_display": "100.00", "num_branches": 0, "num_partial_branches": 0, "covered_branches": 0, "missing_branches": 0, "percent_branches_covered": 100.0, "percent_branches_covered_display": "100.00"}, "missing_lines": [], "excluded_lines": [], "start_line": 81, "executed_branches": [], "missing_branches": []}, "RefuseEvent": {"executed_lines": [], "summary": {"covered_lines": 0, "num_statements": 0, "percent_covered": 100.0, "percent_covered_display": "100.00", "missing_lines": 0, "excluded_lines": 0, "percent_statements_covered": 100.0, "percent_statements_covered_display": "100.00", "num_branches": 0, "num_partial_branches": 0, "covered_branches": 0, "missing_branches": 0, "percent_branches_covered": 100.0, "percent_branches_covered_display": "100.00"}, "missing_lines": [], "excluded_lines": [], "start_line": 88, "executed_branches": [], "missing_branches": []}, "BindEvent": {"executed_lines": [], "summary": {"covered_lines": 0, "num_statements": 0, "percent_covered": 100.0, "percent_covered_display": "100.00", "missing_lines": 0, "excluded_lines": 0, "percent_statements_covered": 100.0, "percent_statements_covered_display": "100.00", "num_branches": 0, "num_partial_branches": 0, "covered_branches": 0, "missing_branches": 0, "percent_branches_covered": 100.0, "percent_branches_covered_display": "100.00"}, "missing_lines": [], "excluded_lines": [], "start_line": 95, "executed_branches": [], "missing_branches": []}, "CollapseEvent": {"executed_lines": [], "summary": {"covered_lines": 0, "num_statements": 0, "percent_covered": 100.0, "percent_covered_display": "100.00", "missing_lines": 0, "excluded_lines": 0, "percent_statements_covered": 100.0, "percent_statements_covered_display": "100.00", "num_branches": 0, "num_partial_branches": 0, "covered_branches": 0, "missing_branches": 0, "percent_branches_covered": 100.0, "percent_branches_covered_display": "100.00"}, "missing_lines": [], "excluded_lines": [], "start_line": 102, "executed_branches": [], "missing_branches": []}, "Config": {"executed_lines": [], "summary": {"covered_lines": 0, "num_statements": 0, "percent_covered": 100.0, "percent_covered_display": "100.00", "missing_lines": 0, "excluded_lines": 0, "percent_statements_covered": 100.0, "percent_statements_covered_display": "100.00", "num_branches": 0, "num_partial_branches": 0, "covered_branches": 0, "missing_branches": 0, "percent_branches_covered": 100.0, "percent_branches_covered_display": "100.00"}, "missing_lines": [], "excluded_lines": [], "start_line": 112, "executed_branches": [], "missing_branches": []}, "": {"executed_lines": [1, 3, 4, 7, 8, 20, 23, 24, 27, 30, 31, 32, 38, 41, 44, 45, 51, 52, 55, 56, 57, 62, 65, 66, 67, 68, 71, 72, 73, 74, 77, 80, 81, 82, 83, 84, 87, 88, 89, 90, 91, 94, 95, 96, 97, 98, 101, 102, 103, 104, 105, 108, 111, 112, 113, 114, 117, 118, 121, 122], "summary": {"covered_lines": 60, "num_statements": 60, "percent_covered": 100.0, "percent_covered_display": "100.00", "missing_lines": 0, "excluded_lines": 0, "percent_statements_covered": 100.0, "percent_statements_covered_display": "100.00", "num_branches": 0, "num_partial_branches": 0, "covered_branches": 0, "missing_branches": 0, "percent_branches_covered": 100.0, "percent_branches_covered_display": "100.00"}, "missing_lines": [], "excluded_lines": [], "start_line": 1, "executed_branches": [], "missing_branches": []}}}, "spherepop/observers.py": {"executed_lines": [19, 21, 23, 24, 25, 28, 38, 39, 40, 41, 42, 45, 55, 56, 57, 60, 67, 70, 83, 86, 89, 92, 97, 100, 116, 117, 118, 120, 123, 142, 143, 144, 145, 146, 149, 172, 173, 175, 176, 177, 178, 179, 180, 181, 184, 185, 187], "summary": {"covered_lines": 47, "num_statements": 50, "percent_covered": 93.54838709677419, "percent_covered_display": "93.55", "missing_lines": 3, "excluded_lines": 0, "percent_statements_covered": 94.0, "percent_statements_covered_display": "94.00", "num_branches": 12, "num_partial_branches": 1, "covered_branches": 11, "missing_branches": 1, "percent_branches_covered": 91.66666666666667, "percent_branches_covered_display": "91.67"}, "missing_lines": [119, 182, 183], "excluded_lines": [], "executed_branches": [[116, 117], [116, 118], [118, 120], [142, 143], [142, 144], [172, 173], [172, 175], [176, 177], [176, 178], [179, 180], [179, 185]], "missing_branches": [[118, 119]], "functions": {"admissible": {"executed_lines": [38, 39, 40, 41, 42], "summary": {"covered_lines": 5, "num_statements": 5, "percent_covered": 100.0, "percent_covered_display": "100.00", "missing_lines": 0, "excluded_lines": 0, "percent_statements_covered": 100.0, "percent_statements_covered_display": "100.00", "num_branches": 0, "num_partial_branches": 0, "covered_branches": 0, "missing_branches": 0, "percent_branches_covered": 100.0, "percent_branches_covered_display": "100.00"}, "missing_lines": [], "excluded_lines": [], "start_line": 28, "executed_branches": [], "missing_branches": []}, "confluent": {"executed_lines": [55, 56, 57], "summary": {"covered_lines": 3, "num_statements": 3, "percent_covered": 100.0, "percent_covered_display": "100.00", "missing_lines": 0, "excluded_lines": 0, "percent_statements_covered": 100.0, "percent_statements_covered_display": "100.00", "num_branches": 0, "num_partial_branches": 0, "covered_branches": 0, "missing_branches": 0, "percent_branches_covered": 100.0, "percent_branches_covered_display": "100.00"}, "missing_lines": [], "excluded_lines": [], "start_line": 45, "executed_branches": [], "missing_branches": []}, "divergent": {"executed_lines": [67], "summary": {"covered_lines": 1, "num_statements": 1, "percent_covered": 100.0, "percent_covered_display": "100.00", "missing_lines": 0, "excluded_lines": 0, "percent_statements_covered": 100.0, "percent_statements_covered_display": "100.00", "num_branches": 0, "num_partial_branches": 0, "covered_branches": 0, "missing_branches": 0, "percent_branches_covered": 100.0, "percent_branches_covered_display": "100.00"}, "missing_lines": [], "excluded_lines": [], "start_line": 60, "executed_branches": [], "missing_branches": []}, "irreducibly_divergent": {"executed_lines": [83], "summary": {"covered_lines": 1, "num_statements": 1, "percent_covered": 100.0, "percent_covered_display": "100.00", "missing_lines": 0, "excluded_lines": 0, "percent_statements_covered": 100.0, "percent_statements_covered_display": "100.00", "num_branches": 0, "num_partial_branches": 0, "covered_branches": 0, "missing_branches": 0, "percent_branches_covered": 100.0, "percent_branches_covered_display": "100.00"}, "missing_lines": [], "excluded_lines": [], "start_line": 70, "executed_branches": [], "missing_branches": []}, "intensionally_equivalent": {"executed_lines": [89], "summary": {"covered_lines": 1, "num_statements": 1, "percent_covered": 100.0, "percent_covered_display": "100.00", "missing_lines": 0, "excluded_lines": 0, "percent_statements_covered": 100.0, "percent_statements_covered_display": "100.00", "num_branches": 0, "num_partial_branches": 0, "covered_branches": 0, "missing_branches": 0, "percent_branches_covered": 100.0, "percent_branches_covered_display": "100.00"}, "missing_lines": [], "excluded_lines": [], "start_line": 86, "executed_branches": [], "missing_branches": []}, "extensionally_equivalent": {"executed_lines": [97], "summary": {"covered_lines": 1, "num_statements": 1, "percent_covered": 100.0, "percent_covered_display": "100.00", "missing_lines": 0, "excluded_lines": 0, "percent_statements_covered": 100.0, "percent_statements_covered_display": "100.00", "num_branches": 0, "num_partial_branches": 0, "covered_branches": 0, "missing_branches": 0, "percent_branches_covered": 100.0, "percent_branches_covered_display": "100.00"}, "missing_lines": [], "excluded_lines": [], "start_line": 92, "executed_branches": [], "missing_branches": []}, "regretful": {"executed_lines": [116, 117, 118, 120], "summary": {"covered_lines": 4, "num_statements": 5, "percent_covered": 77.77777777777777, "percent_covered_display": "77.78", "missing_lines": 1, "excluded_lines": 0, "percent_statements_covered": 80.0, "percent_statements_covered_display": "80.00", "num_branches": 4, "num_partial_branches": 1, "covered_branches": 3, "missing_branches": 1, "percent_branches_covered": 75.0, "percent_branches_covered_display": "75.00"}, "missing_lines": [119], "excluded_lines": [], "start_line": 100, "executed_branches": [[116, 117], [116, 118], [118, 120]], "missing_branches": [[118, 119]]}, "equivalent_at": {"executed_lines": [142, 143, 144, 145, 146], "summary": {"covered_lines": 5, "num_statements": 5, "percent_covered": 100.0, "percent_covered_display": "100.00", "missing_lines": 0, "excluded_lines": 0, "percent_statements_covered": 100.0, "percent_statements_covered_display": "100.00", "num_branches": 2, "num_partial_branches": 0, "covered_branches": 2, "missing_branches": 0, "percent_branches_covered": 100.0, "percent_branches_covered_display": "100.00"}, "missing_lines": [], "excluded_lines": [], "start_line": 123, "executed_branches": [[142, 143], [142, 144]], "missing_branches": []}, "horizon_equivalent": {"executed_lines": [172, 173, 175, 187], "summary": {"covered_lines": 4, "num_statements": 4, "percent_covered": 100.0, "percent_covered_display": "100.00", "missing_lines": 0, "excluded_lines": 0, "percent_statements_covered": 100.0, "percent_statements_covered_display": "100.00", "num_branches": 2, "num_partial_branches": 0, "covered_branches": 2, "missing_branches": 0, "percent_branches_covered": 100.0, "percent_branches_covered_display": "100.00"}, "missing_lines": [], "excluded_lines": [], "start_line": 149, "executed_branches": [[172, 173], [172, 175]], "missing_branches": []}, "horizon_equivalent.reachable": {"executed_lines": [176, 177, 178, 179, 180, 181, 184, 185], "summary": {"covered_lines": 8, "num_statements": 10, "percent_covered": 85.71428571428571, "percent_covered_display": "85.71", "missing_lines": 2, "excluded_lines": 0, "percent_statements_covered": 80.0, "percent_statements_covered_display": "80.00", "num_branches": 4, "num_partial_branches": 0, "covered_branches": 4, "missing_branches": 0, "percent_branches_covered": 100.0, "percent_branches_covered_display": "100.00"}, "missing_lines": [182, 183], "excluded_lines": [], "start_line": 175, "executed_branches": [[176, 177], [176, 178], [179, 180], [179, 185]], "missing_branches": []}, "": {"executed_lines": [19, 21, 23, 24, 25, 28, 45, 60, 70, 86, 92, 100, 123, 149], "summary": {"covered_lines": 14, "num_statements": 14, "percent_covered": 100.0, "percent_covered_display": "100.00", "missing_lines": 0, "excluded_lines": 0, "percent_statements_covered": 100.0, "percent_statements_covered_display": "100.00", "num_branches": 0, "num_partial_branches": 0, "covered_branches": 0, "missing_branches": 0, "percent_branches_covered": 100.0, "percent_branches_covered_display": "100.00"}, "missing_lines": [], "excluded_lines": [], "start_line": 1, "executed_branches": [], "missing_branches": []}}, "classes": {"": {"executed_lines": [19, 21, 23, 24, 25, 28, 38, 39, 40, 41, 42, 45, 55, 56, 57, 60, 67, 70, 83, 86, 89, 92, 97, 100, 116, 117, 118, 120, 123, 142, 143, 144, 145, 146, 149, 172, 173, 175, 176, 177, 178, 179, 180, 181, 184, 185, 187], "summary": {"covered_lines": 47, "num_statements": 50, "percent_covered": 93.54838709677419, "percent_covered_display": "93.55", "missing_lines": 3, "excluded_lines": 0, "percent_statements_covered": 94.0, "percent_statements_covered_display": "94.00", "num_branches": 12, "num_partial_branches": 1, "covered_branches": 11, "missing_branches": 1, "percent_branches_covered": 91.66666666666667, "percent_branches_covered_display": "91.67"}, "missing_lines": [119, 182, 183], "excluded_lines": [], "start_line": 1, "executed_branches": [[116, 117], [116, 118], [118, 120], [142, 143], [142, 144], [172, 173], [172, 175], [176, 177], [176, 178], [179, 180], [179, 185]], "missing_branches": [[118, 119]]}}}, "spherepop/parser.py": {"executed_lines": [1, 3, 4, 6, 9, 10, 13, 14, 15, 16, 18, 19, 20, 21, 23, 24, 26, 27, 28, 31, 32, 33, 34, 35, 36, 37, 38, 39, 40, 41, 42, 43, 45, 46, 48, 51, 52, 54, 55, 56, 57, 58, 59, 61, 62, 63, 64, 66, 68, 69, 71, 74, 75, 76, 78, 81, 82, 83, 85, 86, 89, 91, 94, 95, 97, 98, 99, 100, 102, 103, 106, 107, 108, 111, 112, 113, 115, 116, 117, 118, 119, 124, 125, 126, 127, 129, 130, 131, 136, 137, 138, 139, 140, 142, 143], "summary": {"covered_lines": 95, "num_statements": 111, "percent_covered": 82.03592814371258, "percent_covered_display": "82.04", "missing_lines": 16, "excluded_lines": 0, "percent_statements_covered": 85.58558558558559, "percent_statements_covered_display": "85.59", "num_branches": 56, "num_partial_branches": 14, "covered_branches": 42, "missing_branches": 14, "percent_branches_covered": 75.0, "percent_branches_covered_display": "75.00"}, "missing_lines": [25, 47, 60, 65, 70, 77, 84, 87, 88, 90, 96, 101, 109, 128, 133, 141], "excluded_lines": [], "executed_branches": [[19, 20], [19, 21], [24, 26], [34, 35], [34, 46], [35, 36], [35, 40], [36, 37], [36, 39], [40, 41], [40, 45], [41, 34], [41, 42], [46, 48], [56, 57], [56, 64], [58, 59], [58, 62], [59, 61], [64, 66], [69, 71], [76, 78], [83, 85], [89, 91], [95, 97], [98, 99], [98, 103], [100, 102], [108, 111], [115, 116], [115, 117], [117, 118], [117, 126], [119, 124], [119, 125], [126, 127], [126, 130], [127, 129], [130, 131], [138, 139], [138, 143], [140, 142]], "missing_branches": [[24, 25], [46, 47], [59, 60], [64, 65], [69, 70], [76, 77], [83, 84], [89, 90], [95, 96], [100, 101], [108, 109], [127, 128], [130, 133], [140, 141]], "functions": {"_Tokens.peek": {"executed_lines": [19, 20, 21], "summary": {"covered_lines": 3, "num_statements": 3, "percent_covered": 100.0, "percent_covered_display": "100.00", "missing_lines": 0, "excluded_lines": 0, "percent_statements_covered": 100.0, "percent_statements_covered_display": "100.00", "num_branches": 2, "num_partial_branches": 0, "covered_branches": 2, "missing_branches": 0, "percent_branches_covered": 100.0, "percent_branches_covered_display": "100.00"}, "missing_lines": [], "excluded_lines": [], "start_line": 18, "executed_branches": [[19, 20], [19, 21]], "missing_branches": []}, "_Tokens.pop": {"executed_lines": [24, 26, 27, 28], "summary": {"covered_lines": 4, "num_statements": 5, "percent_covered": 71.42857142857143, "percent_covered_display": "71.43", "missing_lines": 1, "excluded_lines": 0, "percent_statements_covered": 80.0, "percent_statements_covered_display": "80.00", "num_branches": 2, "num_partial_branches": 1, "covered_branches": 1, "missing_branches": 1, "percent_branches_covered": 50.0, "percent_branches_covered_display": "50.00"}, "missing_lines": [25], "excluded_lines": [], "start_line": 23, "executed_branches": [[24, 26]], "missing_branches": [[24, 25]]}, "_tokenize_expr": {"executed_lines": [32, 33, 34, 35, 36, 37, 38, 39, 40, 41, 42, 43, 45, 46, 48], "summary": {"covered_lines": 15, "num_statements": 16, "percent_covered": 92.85714285714286, "percent_covered_display": "92.86", "missing_lines": 1, "excluded_lines": 0, "percent_statements_covered": 93.75, "percent_statements_covered_display": "93.75", "num_branches": 12, "num_partial_branches": 1, "covered_branches": 11, "missing_branches": 1, "percent_branches_covered": 91.66666666666667, "percent_branches_covered_display": "91.67"}, "missing_lines": [47], "excluded_lines": [], "start_line": 31, "executed_branches": [[34, 35], [34, 46], [35, 36], [35, 40], [36, 37], [36, 39], [40, 41], [40, 45], [41, 34], [41, 42], [46, 48]], "missing_branches": [[46, 47]]}, "parse_expr": {"executed_lines": [52, 54, 68, 69, 71], "summary": {"covered_lines": 5, "num_statements": 6, "percent_covered": 75.0, "percent_covered_display": "75.00", "missing_lines": 1, "excluded_lines": 0, "percent_statements_covered": 83.33333333333333, "percent_statements_covered_display": "83.33", "num_branches": 2, "num_partial_branches": 1, "covered_branches": 1, "missing_branches": 1, "percent_branches_covered": 50.0, "percent_branches_covered_display": "50.00"}, "missing_lines": [70], "excluded_lines": [], "start_line": 51, "executed_branches": [[69, 71]], "missing_branches": [[69, 70]]}, "parse_expr.parse_one": {"executed_lines": [55, 56, 57, 58, 59, 61, 62, 63, 64, 66], "summary": {"covered_lines": 10, "num_statements": 12, "percent_covered": 80.0, "percent_covered_display": "80.00", "missing_lines": 2, "excluded_lines": 0, "percent_statements_covered": 83.33333333333333, "percent_statements_covered_display": "83.33", "num_branches": 8, "num_partial_branches": 2, "covered_branches": 6, "missing_branches": 2, "percent_branches_covered": 75.0, "percent_branches_covered_display": "75.00"}, "missing_lines": [60, 65], "excluded_lines": [], "start_line": 54, "executed_branches": [[56, 57], [56, 64], [58, 59], [58, 62], [59, 61], [64, 66]], "missing_branches": [[59, 60], [64, 65]]}, "parse_sphere": {"executed_lines": [75, 76, 78], "summary": {"covered_lines": 3, "num_statements": 4, "percent_covered": 66.66666666666667, "percent_covered_display": "66.67", "missing_lines": 1, "excluded_lines": 0, "percent_statements_covered": 75.0, "percent_statements_covered_display": "75.00", "num_branches": 2, "num_partial_branches": 1, "covered_branches": 1, "missing_branches": 1, "percent_branches_covered": 50.0, "percent_branches_covered_display": "50.00"}, "missing_lines": [77], "excluded_lines": [], "start_line": 74, "executed_branches": [[76, 78]], "missing_branches": [[76, 77]]}, "_parse_path": {"executed_lines": [82, 83, 85, 86, 89, 91], "summary": {"covered_lines": 6, "num_statements": 10, "percent_covered": 57.142857142857146, "percent_covered_display": "57.14", "missing_lines": 4, "excluded_lines": 0, "percent_statements_covered": 60.0, "percent_statements_covered_display": "60.00", "num_branches": 4, "num_partial_branches": 2, "covered_branches": 2, "missing_branches": 2, "percent_branches_covered": 50.0, "percent_branches_covered_display": "50.00"}, "missing_lines": [84, 87, 88, 90], "excluded_lines": [], "start_line": 81, "executed_branches": [[83, 85], [89, 91]], "missing_branches": [[83, 84], [89, 90]]}, "_parse_classes": {"executed_lines": [95, 97, 98, 99, 100, 102, 103], "summary": {"covered_lines": 7, "num_statements": 9, "percent_covered": 73.33333333333333, "percent_covered_display": "73.33", "missing_lines": 2, "excluded_lines": 0, "percent_statements_covered": 77.77777777777777, "percent_statements_covered_display": "77.78", "num_branches": 6, "num_partial_branches": 2, "covered_branches": 4, "missing_branches": 2, "percent_branches_covered": 66.66666666666667, "percent_branches_covered_display": "66.67"}, "missing_lines": [96, 101], "excluded_lines": [], "start_line": 94, "executed_branches": [[95, 97], [98, 99], [98, 103], [100, 102]], "missing_branches": [[95, 96], [100, 101]]}, "parse_operation": {"executed_lines": [107, 108, 111, 112, 113, 115, 116, 117, 118, 119, 124, 125, 126, 127, 129, 130, 131], "summary": {"covered_lines": 17, "num_statements": 20, "percent_covered": 82.3529411764706, "percent_covered_display": "82.35", "missing_lines": 3, "excluded_lines": 0, "percent_statements_covered": 85.0, "percent_statements_covered_display": "85.00", "num_branches": 14, "num_partial_branches": 3, "covered_branches": 11, "missing_branches": 3, "percent_branches_covered": 78.57142857142857, "percent_branches_covered_display": "78.57"}, "missing_lines": [109, 128, 133], "excluded_lines": [], "start_line": 106, "executed_branches": [[108, 111], [115, 116], [115, 117], [117, 118], [117, 126], [119, 124], [119, 125], [126, 127], [126, 130], [127, 129], [130, 131]], "missing_branches": [[108, 109], [127, 128], [130, 133]]}, "parse_program": {"executed_lines": [137, 138, 139, 140, 142, 143], "summary": {"covered_lines": 6, "num_statements": 7, "percent_covered": 81.81818181818181, "percent_covered_display": "81.82", "missing_lines": 1, "excluded_lines": 0, "percent_statements_covered": 85.71428571428571, "percent_statements_covered_display": "85.71", "num_branches": 4, "num_partial_branches": 1, "covered_branches": 3, "missing_branches": 1, "percent_branches_covered": 75.0, "percent_branches_covered_display": "75.00"}, "missing_lines": [141], "excluded_lines": [], "start_line": 136, "executed_branches": [[138, 139], [138, 143], [140, 142]], "missing_branches": [[140, 141]]}, "": {"executed_lines": [1, 3, 4, 6, 9, 10, 13, 14, 15, 16, 18, 23, 31, 51, 74, 81, 94, 106, 136], "summary": {"covered_lines": 19, "num_statements": 19, "percent_covered": 100.0, "percent_covered_display": "100.00", "missing_lines": 0, "excluded_lines": 0, "percent_statements_covered": 100.0, "percent_statements_covered_display": "100.00", "num_branches": 0, "num_partial_branches": 0, "covered_branches": 0, "missing_branches": 0, "percent_branches_covered": 100.0, "percent_branches_covered_display": "100.00"}, "missing_lines": [], "excluded_lines": [], "start_line": 1, "executed_branches": [], "missing_branches": []}}, "classes": {"ParseError": {"executed_lines": [], "summary": {"covered_lines": 0, "num_statements": 0, "percent_covered": 100.0, "percent_covered_display": "100.00", "missing_lines": 0, "excluded_lines": 0, "percent_statements_covered": 100.0, "percent_statements_covered_display": "100.00", "num_branches": 0, "num_partial_branches": 0, "covered_branches": 0, "missing_branches": 0, "percent_branches_covered": 100.0, "percent_branches_covered_display": "100.00"}, "missing_lines": [], "excluded_lines": [], "start_line": 9, "executed_branches": [], "missing_branches": []}, "_Tokens": {"executed_lines": [19, 20, 21, 24, 26, 27, 28], "summary": {"covered_lines": 7, "num_statements": 8, "percent_covered": 83.33333333333333, "percent_covered_display": "83.33", "missing_lines": 1, "excluded_lines": 0, "percent_statements_covered": 87.5, "percent_statements_covered_display": "87.50", "num_branches": 4, "num_partial_branches": 1, "covered_branches": 3, "missing_branches": 1, "percent_branches_covered": 75.0, "percent_branches_covered_display": "75.00"}, "missing_lines": [25], "excluded_lines": [], "start_line": 14, "executed_branches": [[19, 20], [19, 21], [24, 26]], "missing_branches": [[24, 25]]}, "": {"executed_lines": [1, 3, 4, 6, 9, 10, 13, 14, 15, 16, 18, 23, 31, 32, 33, 34, 35, 36, 37, 38, 39, 40, 41, 42, 43, 45, 46, 48, 51, 52, 54, 55, 56, 57, 58, 59, 61, 62, 63, 64, 66, 68, 69, 71, 74, 75, 76, 78, 81, 82, 83, 85, 86, 89, 91, 94, 95, 97, 98, 99, 100, 102, 103, 106, 107, 108, 111, 112, 113, 115, 116, 117, 118, 119, 124, 125, 126, 127, 129, 130, 131, 136, 137, 138, 139, 140, 142, 143], "summary": {"covered_lines": 88, "num_statements": 103, "percent_covered": 81.93548387096774, "percent_covered_display": "81.94", "missing_lines": 15, "excluded_lines": 0, "percent_statements_covered": 85.4368932038835, "percent_statements_covered_display": "85.44", "num_branches": 52, "num_partial_branches": 13, "covered_branches": 39, "missing_branches": 13, "percent_branches_covered": 75.0, "percent_branches_covered_display": "75.00"}, "missing_lines": [47, 60, 65, 70, 77, 84, 87, 88, 90, 96, 101, 109, 128, 133, 141], "excluded_lines": [], "start_line": 1, "executed_branches": [[34, 35], [34, 46], [35, 36], [35, 40], [36, 37], [36, 39], [40, 41], [40, 45], [41, 34], [41, 42], [46, 48], [56, 57], [56, 64], [58, 59], [58, 62], [59, 61], [64, 66], [69, 71], [76, 78], [83, 85], [89, 91], [95, 97], [98, 99], [98, 103], [100, 102], [108, 111], [115, 116], [115, 117], [117, 118], [117, 126], [119, 124], [119, 125], [126, 127], [126, 130], [127, 129], [130, 131], [138, 139], [138, 143], [140, 142]], "missing_branches": [[46, 47], [59, 60], [64, 65], [69, 70], [76, 77], [83, 84], [89, 90], [95, 96], [100, 101], [108, 109], [127, 128], [130, 133], [140, 141]]}}}, "spherepop/path_utils.py": {"executed_lines": [58, 60, 62, 65, 68, 71, 103, 104, 105, 106, 107, 108, 109, 110, 113, 142, 143, 144, 145, 146, 147, 150, 193, 194, 195, 197, 198, 201, 245, 252, 253, 254, 255, 256, 259, 299, 300, 301, 302, 303, 304], "summary": {"covered_lines": 41, "num_statements": 41, "percent_covered": 100.0, "percent_covered_display": "100.00", "missing_lines": 0, "excluded_lines": 0, "percent_statements_covered": 100.0, "percent_statements_covered_display": "100.00", "num_branches": 18, "num_partial_branches": 0, "covered_branches": 18, "missing_branches": 0, "percent_branches_covered": 100.0, "percent_branches_covered_display": "100.00"}, "missing_lines": [], "excluded_lines": [], "executed_branches": [[104, 105], [104, 110], [105, 106], [105, 107], [107, 108], [107, 109], [143, 144], [143, 147], [145, 146], [145, 147], [194, 195], [194, 197], [252, 253], [252, 254], [254, 255], [254, 256], [300, 301], [300, 304]], "missing_branches": [], "functions": {"path_exists": {"executed_lines": [103, 104, 105, 106, 107, 108, 109, 110], "summary": {"covered_li
[...]
atements_covered_display": "100.00", "num_branches": 0, "num_partial_branches": 0, "covered_branches": 0, "missing_branches": 0, "percent_branches_covered": 100.0, "percent_branches_covered_display": "100.00"}, "missing_lines": [], "excluded_lines": [], "start_line": 1, "executed_branches": [], "missing_branches": []}}, "classes": {"": {"executed_lines": [55, 57, 59, 62, 100, 101, 102, 103, 104, 105, 106, 107, 108, 109, 110, 111, 114, 166, 168, 169, 171, 172, 174], "summary": {"covered_lines": 23, "num_statements": 23, "percent_covered": 100.0, "percent_covered_display": "100.00", "missing_lines": 0, "excluded_lines": 0, "percent_statements_covered": 100.0, "percent_statements_covered_display": "100.00", "num_branches": 10, "num_partial_branches": 0, "covered_branches": 10, "missing_branches": 0, "percent_branches_covered": 100.0, "percent_branches_covered_display": "100.00"}, "missing_lines": [], "excluded_lines": [], "start_line": 1, "executed_branches": [[100, 101], [100, 102], [102, 103], [102, 105], [105, 106], [105, 108], [108, 109], [108, 111], [169, 171], [169, 172]], "missing_branches": []}}}, "spherepop/semantics.py": {"executed_lines": [1, 3, 4, 6, 22, 29, 30, 33, 34, 37, 38, 41, 42, 47, 50, 51, 54, 55, 56, 58, 61, 68, 69, 71, 76, 77, 78, 79, 80, 81, 82, 85, 86, 87, 88, 89, 90, 93, 98, 99, 100, 101, 103, 104, 107, 108, 109, 110, 113, 114, 116, 117, 118, 122, 123, 124, 125, 126, 128, 129, 131, 132, 133, 138, 139, 140, 142, 155, 156, 157, 162, 163, 164, 168, 171, 172, 174, 177, 178, 179, 180, 182, 183, 184, 185, 194, 198, 199, 213, 214, 215, 216, 217, 220, 221, 222, 223, 225], "summary": {"covered_lines": 98, "num_statements": 114, "percent_covered": 83.13253012048193, "percent_covered_display": "83.13", "missing_lines": 16, "excluded_lines": 0, "percent_statements_covered": 85.96491228070175, "percent_statements_covered_display": "85.96", "num_branches": 52, "num_partial_branches": 10, "covered_branches": 40, "missing_branches": 12, "percent_branches_covered": 76.92307692307692, "percent_branches_covered_display": "76.92"}, "missing_lines": [39, 43, 44, 45, 48, 52, 57, 63, 64, 65, 66, 70, 134, 135, 207, 224], "excluded_lines": [], "executed_branches": [[38, 41], [42, 47], [47, 50], [51, 54], [55, 56], [56, 58], [69, 71], [78, 79], [78, 82], [80, 78], [80, 81], [86, 87], [86, 90], [87, 88], [87, 89], [99, 100], [99, 104], [100, 101], [100, 103], [108, 109], [108, 110], [116, 117], [116, 142], [117, 118], [117, 122], [123, 124], [123, 125], [125, 126], [125, 128], [133, 138], [142, 155], [142, 174], [157, 162], [157, 168], [174, 177], [174, 182], [182, 183], [215, 216], [215, 217], [223, 225]], "missing_branches": [[38, 39], [42, 43], [43, 44], [43, 45], [47, 48], [51, 52], [55, 63], [56, 57], [69, 70], [133, 134], [182, 207], [223, 224]], "functions": {"_pop_path": {"executed_lines": [38, 41, 68, 69, 71], "summary": {"covered_lines": 5, "num_statements": 7, "percent_covered": 63.63636363636363, "percent_covered_display": "63.64", "missing_lines": 2, "excluded_lines": 0, "percent_statements_covered": 71.42857142857143, "percent_statements_covered_display": "71.43", "num_branches": 4, "num_partial_branches": 2, "covered_branches": 2, "missing_branches": 2, "percent_branches_covered": 50.0, "percent_branches_covered_display": "50.00"}, "missing_lines": [39, 70], "excluded_lines": [], "start_line": 37, "executed_branches": [[38, 41], [69, 71]], "missing_branches": [[38, 39], [69, 70]]}, "_pop_path.recurse": {"executed_lines": [42, 47, 50, 51, 54, 55, 56, 58, 61], "summary": {"covered_lines": 9, "num_statements": 19, "percent_covered": 45.16129032258065, "percent_covered_display": "45.16", "missing_lines": 10, "excluded_lines": 0, "percent_statements_covered": 47.36842105263158, "percent_statements_covered_display": "47.37", "num_branches": 12, "num_partial_branches": 5, "covered_branches": 5, "missing_branches": 7, "percent_branches_covered": 41.666666666666664, "percent_branches_covered_display": "41.67"}, "missing_lines": [43, 44, 45, 48, 52, 57, 63, 64, 65, 66], "excluded_lines": [], "start_line": 41, "executed_branches": [[42, 47], [47, 50], [51, 54], [55, 56], [56, 58]], "missing_branches": [[42, 43], [43, 44], [43, 45], [47, 48], [51, 52], [55, 63], [56, 57]]}, "_quotient_map": {"executed_lines": [77, 78, 79, 80, 81, 82], "summary": {"covered_lines": 6, "num_statements": 6, "percent_covered": 100.0, "percent_covered_display": "100.00", "missing_lines": 0, "excluded_lines": 0, "percent_statements_covered": 100.0, "percent_statements_covered_display": "100.00", "num_branches": 4, "num_partial_branches": 0, "covered_branches": 4, "missing_branches": 0, "percent_branches_covered": 100.0, "percent_branches_covered_display": "100.00"}, "missing_lines": [], "excluded_lines": [], "start_line": 76, "executed_branches": [[78, 79], [78, 82], [80, 78], [80, 81]], "missing_branches": []}, "_rename_expr": {"executed_lines": [86, 87, 88, 89, 90], "summary": {"covered_lines": 5, "num_statements": 5, "percent_covered": 100.0, "percent_covered_display": "100.00", "missing_lines": 0, "excluded_lines": 0, "percent_statements_covered": 100.0, "percent_statements_covered_display": "100.00", "num_branches": 4, "num_partial_branches": 0, "covered_branches": 4, "missing_branches": 0, "percent_branches_covered": 100.0, "percent_branches_covered_display": "100.00"}, "missing_lines": [], "excluded_lines": [], "start_line": 85, "executed_branches": [[86, 87], [86, 90], [87, 88], [87, 89]], "missing_branches": []}, "_flatten_option_names": {"executed_lines": [98, 99, 100, 101, 103, 104], "summary": {"covered_lines": 6, "num_statements": 6, "percent_covered": 100.0, "percent_covered_display": "100.00", "missing_lines": 0, "excluded_lines": 0, "percent_statements_covered": 100.0, "percent_statements_covered_display": "100.00", "num_branches": 4, "num_partial_branches": 0, "covered_branches": 4, "missing_branches": 0, "percent_branches_covered": 100.0, "percent_branches_covered_display": "100.00"}, "missing_lines": [], "excluded_lines": [], "start_line": 93, "executed_branches": [[99, 100], [99, 104], [100, 101], [100, 103]], "missing_branches": []}, "_option_names_any_of": {"executed_lines": [108, 109, 110], "summary": {"covered_lines": 3, "num_statements": 3, "percent_covered": 100.0, "percent_covered_display": "100.00", "missing_lines": 0, "excluded_lines": 0, "percent_statements_covered": 100.0, "percent_statements_covered_display": "100.00", "num_branches": 2, "num_partial_branches": 0, "covered_branches": 2, "missing_branches": 0, "percent_branches_covered": 100.0, "percent_branches_covered_display": "100.00"}, "missing_lines": [], "excluded_lines": [], "start_line": 107, "executed_branches": [[108, 109], [108, 110]], "missing_branches": []}, "transition": {"executed_lines": [114, 116, 117, 118, 122, 123, 124, 125, 126, 128, 129, 131, 132, 133, 138, 139, 140, 142, 155, 156, 157, 162, 163, 164, 168, 171, 172, 174, 177, 178, 179, 180, 182, 183, 184, 185, 194, 198, 199], "summary": {"covered_lines": 39, "num_statements": 42, "percent_covered": 91.66666666666667, "percent_covered_display": "91.67", "missing_lines": 3, "excluded_lines": 0, "percent_statements_covered": 92.85714285714286, "percent_statements_covered_display": "92.86", "num_branches": 18, "num_partial_branches": 2, "covered_branches": 16, "missing_branches": 2, "percent_branches_covered": 88.88888888888889, "percent_branches_covered_display": "88.89"}, "missing_lines": [134, 135, 207], "excluded_lines": [], "start_line": 113, "executed_branches": [[116, 117], [116, 142], [117, 118], [117, 122], [123, 124], [123, 125], [125, 126], [125, 128], [133, 138], [142, 155], [142, 174], [157, 162], [157, 168], [174, 177], [174, 182], [182, 183]], "missing_branches": [[133, 134], [182, 207]]}, "eval_program": {"executed_lines": [214, 215, 216, 217], "summary": {"covered_lines": 4, "num_statements": 4, "percent_covered": 100.0, "percent_covered_display": "100.00", "missing_lines": 0, "excluded_lines": 0, "percent_statements_covered": 100.0, "percent_statements_covered_display": "100.00", "num_branches": 2, "num_partial_branches": 0, "covered_branches": 2, "missing_branches": 0, "percent_branches_covered": 100.0, "percent_branches_covered_display": "100.00"}, "missing_lines": [], "excluded_lines": [], "start_line": 213, "executed_branches": [[215, 216], [215, 217]], "missing_branches": []}, "history_is_prefix": {"executed_lines": [221, 222, 223, 225], "summary": {"covered_lines": 4, "num_statements": 5, "percent_covered": 71.42857142857143, "percent_covered_display": "71.43", "missing_lines": 1, "excluded_lines": 0, "percent_statements_covered": 80.0, "percent_statements_covered_display": "80.00", "num_branches": 2, "num_partial_branches": 1, "covered_branches": 1, "missing_branches": 1, "percent_branches_covered": 50.0, "percent_branches_covered_display": "50.00"}, "missing_lines": [224], "excluded_lines": [], "start_line": 220, "executed_branches": [[223, 225]], "missing_branches": [[223, 224]]}, "": {"executed_lines": [1, 3, 4, 6, 22, 29, 30, 33, 34, 37, 76, 85, 93, 107, 113, 213, 220], "summary": {"covered_lines": 17, "num_statements": 17, "percent_covered": 100.0, "percent_covered_display": "100.00", "missing_lines": 0, "excluded_lines": 0, "percent_statements_covered": 100.0, "percent_statements_covered_display": "100.00", "num_branches": 0, "num_partial_branches": 0, "covered_branches": 0, "missing_branches": 0, "percent_branches_covered": 100.0, "percent_branches_covered_display": "100.00"}, "missing_lines": [], "excluded_lines": [], "start_line": 1, "executed_branches": [], "missing_branches": []}}, "classes": {"EvalError": {"executed_lines": [], "summary": {"covered_lines": 0, "num_statements": 0, "percent_covered": 100.0, "percent_covered_display": "100.00", "missing_lines": 0, "excluded_lines": 0, "percent_statements_covered": 100.0, "percent_statements_covered_display": "100.00", "num_branches": 0, "num_partial_branches": 0, "covered_branches": 0, "missing_branches": 0, "percent_branches_covered": 100.0, "percent_branches_covered_display": "100.00"}, "missing_lines": [], "excluded_lines": [], "start_line": 33, "executed_branches": [], "missing_branches": []}, "": {"executed_lines": [1, 3, 4, 6, 22, 29, 30, 33, 34, 37, 38, 41, 42, 47, 50, 51, 54, 55, 56, 58, 61, 68, 69, 71, 76, 77, 78, 79, 80, 81, 82, 85, 86, 87, 88, 89, 90, 93, 98, 99, 100, 101, 103, 104, 107, 108, 109, 110, 113, 114, 116, 117, 118, 122, 123, 124, 125, 126, 128, 129, 131, 132, 133, 138, 139, 140, 142, 155, 156, 157, 162, 163, 164, 168, 171, 172, 174, 177, 178, 179, 180, 182, 183, 184, 185, 194, 198, 199, 213, 214, 215, 216, 217, 220, 221, 222, 223, 225], "summary": {"covered_lines": 98, "num_statements": 114, "percent_covered": 83.13253012048193, "percent_covered_display": "83.13", "missing_lines": 16, "excluded_lines": 0, "percent_statements_covered": 85.96491228070175, "percent_statements_covered_display": "85.96", "num_branches": 52, "num_partial_branches": 10, "covered_branches": 40, "missing_branches": 12, "percent_branches_covered": 76.92307692307692, "percent_branches_covered_display": "76.92"}, "missing_lines": [39, 43, 44, 45, 48, 52, 57, 63, 64, 65, 66, 70, 134, 135, 207, 224], "excluded_lines": [], "start_line": 1, "executed_branches": [[38, 41], [42, 47], [47, 50], [51, 54], [55, 56], [56, 58], [69, 71], [78, 79], [78, 82], [80, 78], [80, 81], [86, 87], [86, 90], [87, 88], [87, 89], [99, 100], [99, 104], [100, 101], [100, 103], [108, 109], [108, 110], [116, 117], [116, 142], [117, 118], [117, 122], [123, 124], [123, 125], [125, 126], [125, 128], [133, 138], [142, 155], [142, 174], [157, 162], [157, 168], [174, 177], [174, 182], [182, 183], [215, 216], [215, 217], [223, 225]], "missing_branches": [[38, 39], [42, 43], [43, 44], [43, 45], [47, 48], [51, 52], [55, 63], [56, 57], [69, 70], [133, 134], [182, 207], [223, 224]]}}}, "spherepop/views.py": {"executed_lines": [8, 10, 12, 15, 23, 24, 25, 28, 29, 30, 31, 34, 35, 36, 37, 40, 41, 44, 48, 51, 57, 61, 66, 67, 68, 69, 70, 73, 78, 80, 81, 82], "summary": {"covered_lines": 32, "num_statements": 39, "percent_covered": 78.43137254901961, "percent_covered_display": "78.43", "missing_lines": 7, "excluded_lines": 0, "percent_statements_covered": 82.05128205128206, "percent_statements_covered_display": "82.05", "num_branches": 12, "num_partial_branches": 2, "covered_branches": 8, "missing_branches": 4, "percent_branches_covered": 66.66666666666667, "percent_branches_covered_display": "66.67"}, "missing_lines": [52, 53, 54, 58, 79, 83, 84], "excluded_lines": [], "executed_branches": [[23, 24], [23, 25], [29, 30], [29, 31], [68, 69], [68, 70], [78, 80], [81, 82]], "missing_branches": [[52, 53], [52, 54], [78, 79], [81, 83]], "functions": {"representative": {"executed_lines": [23, 24, 25], "summary": {"covered_lines": 3, "num_statements": 3, "percent_covered": 100.0, "percent_covered_display": "100.00", "missing_lines": 0, "excluded_lines": 0, "percent_statements_covered": 100.0, "percent_statements_covered_display": "100.00", "num_branches": 2, "num_partial_branches": 0, "covered_branches": 2, "missing_branches": 0, "percent_branches_covered": 100.0, "percent_branches_covered_display": "100.00"}, "missing_lines": [], "excluded_lines": [], "start_line": 15, "executed_branches": [[23, 24], [23, 25]], "missing_branches": []}, "render_expr": {"executed_lines": [29, 30, 31], "summary": {"covered_lines": 3, "num_statements": 3, "percent_covered": 100.0, "percent_covered_display": "100.00", "missing_lines": 0, "excluded_lines": 0, "percent_statements_covered": 100.0, "percent_statements_covered_display": "100.00", "num_branches": 2, "num_partial_branches": 0, "covered_branches": 2, "missing_branches": 0, "percent_branches_covered": 100.0, "percent_branches_covered_display": "100.00"}, "missing_lines": [], "excluded_lines": [], "start_line": 28, "executed_branches": [[29, 30], [29, 31]], "missing_branches": []}, "render_event": {"executed_lines": [35, 36, 37], "summary": {"covered_lines": 3, "num_statements": 3, "percent_covered": 100.0, "percent_covered_display": "100.00", "missing_lines": 0, "excluded_lines": 0, "percent_statements_covered": 100.0, "percent_statements_covered_display": "100.00", "num_branches": 0, "num_partial_branches": 0, "covered_branches": 0, "missing_branches": 0, "percent_branches_covered": 100.0, "percent_branches_covered_display": "100.00"}, "missing_lines": [], "excluded_lines": [], "start_line": 34, "executed_branches": [], "missing_branches": []}, "history_view": {"executed_lines": [41], "summary": {"covered_lines": 1, "num_statements": 1, "percent_covered": 100.0, "percent_covered_display": "100.00", "missing_lines": 0, "excluded_lines": 0, "percent_statements_covered": 100.0, "percent_statements_covered_display": "100.00", "num_branches": 0, "num_partial_branches": 0, "covered_branches": 0, "missing_branches": 0, "percent_branches_covered": 100.0, "percent_branches_covered_display": "100.00"}, "missing_lines": [], "excluded_lines": [], "start_line": 40, "executed_branches": [], "missing_branches": []}, "extensional_view": {"executed_lines": [48], "summary": {"covered_lines": 1, "num_statements": 1, "percent_covered": 100.0, "percent_covered_display": "100.00", "missing_lines": 0, "excluded_lines": 0, "percent_statements_covered": 100.0, "percent_statements_covered_display": "100.00", "num_branches": 0, "num_partial_branches": 0, "covered_branches": 0, "missing_branches": 0, "percent_branches_covered": 100.0, "percent_branches_covered_display": "100.00"}, "missing_lines": [], "excluded_lines": [], "start_line": 44, "executed_branches": [], "missing_branches": []}, "history_prefix_view": {"executed_lines": [], "summary": {"covered_lines": 0, "num_statements": 3, "percent_covered": 0.0, "percent_covered_display": "0.00", "missing_lines": 3, "excluded_lines": 0, "percent_statements_covered": 0.0, "percent_statements_covered_display": "0.00", "num_branches": 2, "num_partial_branches": 0, "covered_branches": 0, "missing_branches": 2, "percent_branches_covered": 0.0, "percent_branches_covered_display": "0.00"}, "missing_lines": [52, 53, 54], "excluded_lines": [], "start_line": 51, "executed_branches": [], "missing_branches": [[52, 53], [52, 54]]}, "make_sphere": {"executed_lines": [], "summary": {"covered_lines": 0, "num_statements": 1, "percent_covered": 0.0, "percent_covered_display": "0.00", "missing_lines": 1, "excluded_lines": 0, "percent_statements_covered": 0.0, "percent_statements_covered_display": "0.00", "num_branches": 0, "num_partial_branches": 0, "covered_branches": 0, "missing_branches": 0, "percent_branches_covered": 100.0, "percent_branches_covered_display": "100.00"}, "missing_lines": [58], "excluded_lines": [], "start_line": 57, "executed_branches": [], "missing_branches": []}, "format_available_paths": {"executed_lines": [66, 67, 68, 69, 70], "summary": {"covered_lines": 5, "num_statements": 5, "percent_covered": 100.0, "percent_covered_display": "100.00", "missing_lines": 0, "excluded_lines": 0, "percent_statements_covered": 100.0, "percent_statements_covered_display": "100.00", "num_branches": 2, "num_partial_branches": 0, "covered_branches": 2, "missing_branches": 0, "percent_branches_covered": 100.0, "percent_branches_covered_display": "100.00"}, "missing_lines": [], "excluded_lines": [], "start_line": 61, "executed_branches": [[68, 69], [68, 70]], "missing_branches": []}, "format_available_options": {"executed_lines": [78, 80, 81, 82], "summary": {"covered_lines": 4, "num_statements": 7, "percent_covered": 54.54545454545455, "percent_covered_display": "54.55", "missing_lines": 3, "excluded_lines": 0, "percent_statements_covered": 57.142857142857146, "percent_statements_covered_display": "57.14", "num_branches": 4, "num_partial_branches": 2, "covered_branches": 2, "missing_branches": 2, "percent_branches_covered": 50.0, "percent_branches_covered_display": "50.00"}, "missing_lines": [79, 83, 84], "excluded_lines": [], "start_line": 73, "executed_branches": [[78, 80], [81, 82]], "missing_branches": [[78, 79], [81, 83]]}, "": {"executed_lines": [8, 10, 12, 15, 28, 34, 40, 44, 51, 57, 61, 73], "summary": {"covered_lines": 12, "num_statements": 12, "percent_covered": 100.0, "percent_covered_display": "100.00", "missing_lines": 0, "excluded_lines": 0, "percent_statements_covered": 100.0, "percent_statements_covered_display": "100.00", "num_branches": 0, "num_partial_branches": 0, "covered_branches": 0, "missing_branches": 0, "percent_branches_covered": 100.0, "percent_branches_covered_display": "100.00"}, "missing_lines": [], "excluded_lines": [], "start_line": 1, "executed_branches": [], "missing_branches": []}}, "classes": {"": {"executed_lines": [8, 10, 12, 15, 23, 24, 25, 28, 29, 30, 31, 34, 35, 36, 37, 40, 41, 44, 48, 51, 57, 61, 66, 67, 68, 69, 70, 73, 78, 80, 81, 82], "summary": {"covered_lines": 32, "num_statements": 39, "percent_covered": 78.43137254901961, "percent_covered_display": "78.43", "missing_lines": 7, "excluded_lines": 0, "percent_statements_covered": 82.05128205128206, "percent_statements_covered_display": "82.05", "num_branches": 12, "num_partial_branches": 2, "covered_branches": 8, "missing_branches": 4, "percent_branches_covered": 66.66666666666667, "percent_branches_covered_display": "66.67"}, "missing_lines": [52, 53, 54, 58, 79, 83, 84], "excluded_lines": [], "start_line": 1, "executed_branches": [[23, 24], [23, 25], [29, 30], [29, 31], [68, 69], [68, 70], [78, 80], [81, 82]], "missing_branches": [[52, 53], [52, 54], [78, 79], [81, 83]]}}}}, "totals": {"covered_lines": 728, "num_statements": 954, "percent_covered": 73.8863287250384, "percent_covered_display": "73.89", "missing_lines": 226, "excluded_lines": 4, "percent_statements_covered": 76.31027253668763, "percent_statements_covered_display": "76.31", "num_branches": 348, "num_partial_branches": 42, "covered_branches": 234, "missing_branches": 114, "percent_branches_covered": 67.24137931034483, "percent_branches_covered_display": "67.24"}}